TpTrace Verbose: 0 : 25024, 1, 2023/01/02, 19:48:39.311, 6027564774261, vstest.console.dll, Version: 17.2.0-preview-20220308-05
TpTrace Verbose: 0 : 25024, 1, 2023/01/02, 19:48:39.314, 6027564807372, vstest.console.dll, ArtifactProcessingPostProcessModeProcessorExecutor.Initialize: ArtifactProcessingMode.Collect
TpTrace Verbose: 0 : 25024, 1, 2023/01/02, 19:48:39.314, 6027564808475, vstest.console.dll, TestSessionCorrelationIdProcessorModeProcessorExecutor.Initialize: TestSessionCorrelationId '23360_d13be7f9-4946-4e20-bb6f-a69d5783df22'
TpTrace Information: 0 : 25024, 1, 2023/01/02, 19:48:39.318, 6027564842837, vstest.console.dll, FilePatternParser: The given file F:\Projetos ASP.NET\Repositorio Tutoriais\xgame-api\Simple API\SimpleApi.Test\bin\Debug\net6.0\fine-code-coverage\build-output\SimpleApi.Test.dll is a full path.
TpTrace Verbose: 0 : 25024, 1, 2023/01/02, 19:48:39.323, 6027564891969, vstest.console.dll, TestPluginCache.DiscoverTestExtensions: finding test extensions in assemblies ends with: RuntimeProvider.dll TPluginInfo: Microsoft.VisualStudio.TestPlatform.Common.ExtensionFramework.Utilities.TestRuntimePluginInformation TExtension: Microsoft.VisualStudio.TestPlatform.ObjectModel.Host.ITestRuntimeProvider
TpTrace Verbose: 0 : 25024, 1, 2023/01/02, 19:48:39.323, 6027564893592, vstest.console.dll, TestPluginCache.GetExtensionPaths: Filtered extension paths: 
TpTrace Verbose: 0 : 25024, 1, 2023/01/02, 19:48:39.323, 6027564894207, vstest.console.dll, TestPluginCache.GetExtensionPaths: Added default extension paths: C:\Program Files\dotnet\sdk\7.0.100-preview.3.22179.4\Extensions\DumpMinitool.exe
C:\Program Files\dotnet\sdk\7.0.100-preview.3.22179.4\Extensions\DumpMinitool.x86.exe
C:\Program Files\dotnet\sdk\7.0.100-preview.3.22179.4\Extensions\Microsoft.Diagnostics.NETCore.Client.dll
C:\Program Files\dotnet\sdk\7.0.100-preview.3.22179.4\Extensions\Microsoft.TestPlatform.Extensions.BlameDataCollector.dll
C:\Program Files\dotnet\sdk\7.0.100-preview.3.22179.4\Extensions\Microsoft.TestPlatform.Extensions.EventLogCollector.dll
C:\Program Files\dotnet\sdk\7.0.100-preview.3.22179.4\Extensions\Microsoft.TestPlatform.TestHostRuntimeProvider.dll
C:\Program Files\dotnet\sdk\7.0.100-preview.3.22179.4\Extensions\Microsoft.VisualStudio.TestPlatform.Extensions.Html.TestLogger.dll
C:\Program Files\dotnet\sdk\7.0.100-preview.3.22179.4\Extensions\Microsoft.VisualStudio.TestPlatform.Extensions.Trx.TestLogger.dll
TpTrace Verbose: 0 : 25024, 1, 2023/01/02, 19:48:39.323, 6027564894583, vstest.console.dll, TestPluginCache.GetExtensionPaths: Added unfilterableExtensionPaths: 
TpTrace Information: 0 : 25024, 1, 2023/01/02, 19:48:39.323, 6027564899650, vstest.console.dll, AssemblyResolver.ctor: Creating AssemblyResolver with searchDirectories C:\Program Files\dotnet\sdk\7.0.100-preview.3.22179.4\Extensions,C:\Program Files\dotnet\sdk\7.0.100-preview.3.22179.4
TpTrace Verbose: 0 : 25024, 1, 2023/01/02, 19:48:39.324, 6027564909624, vstest.console.dll, TestPluginCache.DiscoverTestExtensions: Discovering the extensions using extension path.
TpTrace Verbose: 0 : 25024, 1, 2023/01/02, 19:48:39.325, 6027564910809, vstest.console.dll, TestPluginCache.GetExtensionPaths: Filtered extension paths: 
TpTrace Verbose: 0 : 25024, 1, 2023/01/02, 19:48:39.325, 6027564911185, vstest.console.dll, TestPluginCache.GetExtensionPaths: Added default extension paths: C:\Program Files\dotnet\sdk\7.0.100-preview.3.22179.4\Extensions\DumpMinitool.exe
C:\Program Files\dotnet\sdk\7.0.100-preview.3.22179.4\Extensions\DumpMinitool.x86.exe
C:\Program Files\dotnet\sdk\7.0.100-preview.3.22179.4\Extensions\Microsoft.Diagnostics.NETCore.Client.dll
C:\Program Files\dotnet\sdk\7.0.100-preview.3.22179.4\Extensions\Microsoft.TestPlatform.Extensions.BlameDataCollector.dll
C:\Program Files\dotnet\sdk\7.0.100-preview.3.22179.4\Extensions\Microsoft.TestPlatform.Extensions.EventLogCollector.dll
C:\Program Files\dotnet\sdk\7.0.100-preview.3.22179.4\Extensions\Microsoft.TestPlatform.TestHostRuntimeProvider.dll
C:\Program Files\dotnet\sdk\7.0.100-preview.3.22179.4\Extensions\Microsoft.VisualStudio.TestPlatform.Extensions.Html.TestLogger.dll
C:\Program Files\dotnet\sdk\7.0.100-preview.3.22179.4\Extensions\Microsoft.VisualStudio.TestPlatform.Extensions.Trx.TestLogger.dll
TpTrace Verbose: 0 : 25024, 1, 2023/01/02, 19:48:39.325, 6027564911713, vstest.console.dll, TestPluginCache.GetExtensionPaths: Added unfilterableExtensionPaths: 
TpTrace Verbose: 0 : 25024, 1, 2023/01/02, 19:48:39.325, 6027564912301, vstest.console.dll, TestPluginCache.DiscoverTestExtensions: Discovering the extensions using allExtensionPaths: C:\Program Files\dotnet\sdk\7.0.100-preview.3.22179.4\Extensions\DumpMinitool.exe
C:\Program Files\dotnet\sdk\7.0.100-preview.3.22179.4\Extensions\DumpMinitool.x86.exe
C:\Program Files\dotnet\sdk\7.0.100-preview.3.22179.4\Extensions\Microsoft.Diagnostics.NETCore.Client.dll
C:\Program Files\dotnet\sdk\7.0.100-preview.3.22179.4\Extensions\Microsoft.TestPlatform.Extensions.BlameDataCollector.dll
C:\Program Files\dotnet\sdk\7.0.100-preview.3.22179.4\Extensions\Microsoft.TestPlatform.Extensions.EventLogCollector.dll
C:\Program Files\dotnet\sdk\7.0.100-preview.3.22179.4\Extensions\Microsoft.TestPlatform.TestHostRuntimeProvider.dll
C:\Program Files\dotnet\sdk\7.0.100-preview.3.22179.4\Extensions\Microsoft.VisualStudio.TestPlatform.Extensions.Html.TestLogger.dll
C:\Program Files\dotnet\sdk\7.0.100-preview.3.22179.4\Extensions\Microsoft.VisualStudio.TestPlatform.Extensions.Trx.TestLogger.dll
TpTrace Information: 0 : 25024, 1, 2023/01/02, 19:48:39.325, 6027564913496, vstest.console.dll, AssemblyResolver.AddSearchDirectories: Adding more searchDirectories C:\Program Files\dotnet\sdk\7.0.100-preview.3.22179.4\Extensions,C:\Program Files\dotnet\sdk\7.0.100-preview.3.22179.4
TpTrace Information: 0 : 25024, 1, 2023/01/02, 19:48:39.325, 6027564913892, vstest.console.dll, AssemblyResolver.AddSearchDirectories: Adding more searchDirectories C:\Program Files\dotnet\sdk\7.0.100-preview.3.22179.4\Extensions,C:\Program Files\dotnet\sdk\7.0.100-preview.3.22179.4
TpTrace Information: 0 : 25024, 1, 2023/01/02, 19:48:39.325, 6027564914118, vstest.console.dll, AssemblyResolver.AddSearchDirectories: Adding more searchDirectories C:\Program Files\dotnet\sdk\7.0.100-preview.3.22179.4\Extensions,C:\Program Files\dotnet\sdk\7.0.100-preview.3.22179.4
TpTrace Information: 0 : 25024, 1, 2023/01/02, 19:48:39.325, 6027564914361, vstest.console.dll, AssemblyResolver.AddSearchDirectories: Adding more searchDirectories C:\Program Files\dotnet\sdk\7.0.100-preview.3.22179.4\Extensions,C:\Program Files\dotnet\sdk\7.0.100-preview.3.22179.4
TpTrace Information: 0 : 25024, 1, 2023/01/02, 19:48:39.325, 6027564914549, vstest.console.dll, AssemblyResolver.AddSearchDirectories: Adding more searchDirectories C:\Program Files\dotnet\sdk\7.0.100-preview.3.22179.4\Extensions,C:\Program Files\dotnet\sdk\7.0.100-preview.3.22179.4
TpTrace Information: 0 : 25024, 1, 2023/01/02, 19:48:39.325, 6027564914732, vstest.console.dll, AssemblyResolver.AddSearchDirectories: Adding more searchDirectories C:\Program Files\dotnet\sdk\7.0.100-preview.3.22179.4\Extensions,C:\Program Files\dotnet\sdk\7.0.100-preview.3.22179.4
TpTrace Information: 0 : 25024, 1, 2023/01/02, 19:48:39.325, 6027564914944, vstest.console.dll, AssemblyResolver.AddSearchDirectories: Adding more searchDirectories C:\Program Files\dotnet\sdk\7.0.100-preview.3.22179.4\Extensions,C:\Program Files\dotnet\sdk\7.0.100-preview.3.22179.4
TpTrace Information: 0 : 25024, 1, 2023/01/02, 19:48:39.325, 6027564915125, vstest.console.dll, AssemblyResolver.AddSearchDirectories: Adding more searchDirectories C:\Program Files\dotnet\sdk\7.0.100-preview.3.22179.4\Extensions,C:\Program Files\dotnet\sdk\7.0.100-preview.3.22179.4
TpTrace Information: 0 : 25024, 1, 2023/01/02, 19:48:39.325, 6027564917530, vstest.console.dll, AssemblyResolver.OnResolve: DumpMinitool: Resolving assembly.
TpTrace Information: 0 : 25024, 1, 2023/01/02, 19:48:39.325, 6027564918003, vstest.console.dll, AssemblyResolver.OnResolve: DumpMinitool: Searching in: 'C:\Program Files\dotnet\sdk\7.0.100-preview.3.22179.4\Extensions'.
TpTrace Information: 0 : 25024, 1, 2023/01/02, 19:48:39.325, 6027564919113, vstest.console.dll, AssemblyResolver.OnResolve: DumpMinitool: Assembly path does not exist: 'C:\Program Files\dotnet\sdk\7.0.100-preview.3.22179.4\Extensions\DumpMinitool.dll', returning.
TpTrace Information: 0 : 25024, 1, 2023/01/02, 19:48:39.332, 6027564986235, vstest.console.dll, AssemblyResolver.OnResolve: DumpMinitool: Loading assembly 'C:\Program Files\dotnet\sdk\7.0.100-preview.3.22179.4\Extensions\DumpMinitool.exe'.
TpTrace Information: 0 : 25024, 1, 2023/01/02, 19:48:39.333, 6027564993518, vstest.console.dll, AssemblyResolver.OnResolve: Resolved assembly: DumpMinitool, from path: C:\Program Files\dotnet\sdk\7.0.100-preview.3.22179.4\Extensions\DumpMinitool.exe
TpTrace Verbose: 0 : 25024, 1, 2023/01/02, 19:48:39.337, 6027565030321, vstest.console.dll, MetadataReaderExtensionsHelper: Discovering extensions inside assembly 'DumpMinitool, Version=15.0.0.0, Culture=neutral, PublicKeyToken=b03f5f7f11d50a3a' file path 'C:\Program Files\dotnet\sdk\7.0.100-preview.3.22179.4\Extensions\DumpMinitool.exe'
TpTrace Information: 0 : 25024, 1, 2023/01/02, 19:48:39.339, 6027565052629, vstest.console.dll, AssemblyResolver.OnResolve: DumpMinitool.x86: Resolving assembly.
TpTrace Information: 0 : 25024, 1, 2023/01/02, 19:48:39.339, 6027565053185, vstest.console.dll, AssemblyResolver.OnResolve: DumpMinitool.x86: Searching in: 'C:\Program Files\dotnet\sdk\7.0.100-preview.3.22179.4\Extensions'.
TpTrace Information: 0 : 25024, 1, 2023/01/02, 19:48:39.339, 6027565053774, vstest.console.dll, AssemblyResolver.OnResolve: DumpMinitool.x86: Assembly path does not exist: 'C:\Program Files\dotnet\sdk\7.0.100-preview.3.22179.4\Extensions\DumpMinitool.x86.dll', returning.
TpTrace Information: 0 : 25024, 1, 2023/01/02, 19:48:39.339, 6027565056948, vstest.console.dll, AssemblyResolver.OnResolve: DumpMinitool.x86: Loading assembly 'C:\Program Files\dotnet\sdk\7.0.100-preview.3.22179.4\Extensions\DumpMinitool.x86.exe'.
TpTrace Information: 0 : 25024, 1, 2023/01/02, 19:48:39.340, 6027565062047, vstest.console.dll, AssemblyResolver.OnResolve: Resolved assembly: DumpMinitool.x86, from path: C:\Program Files\dotnet\sdk\7.0.100-preview.3.22179.4\Extensions\DumpMinitool.x86.exe
TpTrace Verbose: 0 : 25024, 1, 2023/01/02, 19:48:39.340, 6027565062615, vstest.console.dll, MetadataReaderExtensionsHelper: Discovering extensions inside assembly 'DumpMinitool.x86, Version=15.0.0.0, Culture=neutral, PublicKeyToken=b03f5f7f11d50a3a' file path 'C:\Program Files\dotnet\sdk\7.0.100-preview.3.22179.4\Extensions\DumpMinitool.x86.exe'
TpTrace Information: 0 : 25024, 1, 2023/01/02, 19:48:39.340, 6027565067509, vstest.console.dll, AssemblyResolver.OnResolve: Microsoft.Diagnostics.NETCore.Client: Resolving assembly.
TpTrace Information: 0 : 25024, 1, 2023/01/02, 19:48:39.340, 6027565067955, vstest.console.dll, AssemblyResolver.OnResolve: Microsoft.Diagnostics.NETCore.Client: Searching in: 'C:\Program Files\dotnet\sdk\7.0.100-preview.3.22179.4\Extensions'.
TpTrace Information: 0 : 25024, 1, 2023/01/02, 19:48:39.341, 6027565071009, vstest.console.dll, AssemblyResolver.OnResolve: Microsoft.Diagnostics.NETCore.Client: Loading assembly 'C:\Program Files\dotnet\sdk\7.0.100-preview.3.22179.4\Extensions\Microsoft.Diagnostics.NETCore.Client.dll'.
TpTrace Information: 0 : 25024, 1, 2023/01/02, 19:48:39.341, 6027565074572, vstest.console.dll, AssemblyResolver.OnResolve: Resolved assembly: Microsoft.Diagnostics.NETCore.Client, from path: C:\Program Files\dotnet\sdk\7.0.100-preview.3.22179.4\Extensions\Microsoft.Diagnostics.NETCore.Client.dll
TpTrace Verbose: 0 : 25024, 1, 2023/01/02, 19:48:39.341, 6027565075047, vstest.console.dll, MetadataReaderExtensionsHelper: Discovering extensions inside assembly 'Microsoft.Diagnostics.NETCore.Client, Version=0.2.5.801, Culture=neutral, PublicKeyToken=31bf3856ad364e35' file path 'C:\Program Files\dotnet\sdk\7.0.100-preview.3.22179.4\Extensions\Microsoft.Diagnostics.NETCore.Client.dll'
TpTrace Information: 0 : 25024, 1, 2023/01/02, 19:48:39.344, 6027565101008, vstest.console.dll, AssemblyResolver.OnResolve: Microsoft.Bcl.AsyncInterfaces: Resolving assembly.
TpTrace Information: 0 : 25024, 1, 2023/01/02, 19:48:39.344, 6027565101593, vstest.console.dll, AssemblyResolver.OnResolve: Microsoft.Bcl.AsyncInterfaces: Searching in: 'C:\Program Files\dotnet\sdk\7.0.100-preview.3.22179.4\Extensions'.
TpTrace Information: 0 : 25024, 1, 2023/01/02, 19:48:39.344, 6027565102245, vstest.console.dll, AssemblyResolver.OnResolve: Microsoft.Bcl.AsyncInterfaces: Assembly path does not exist: 'C:\Program Files\dotnet\sdk\7.0.100-preview.3.22179.4\Extensions\Microsoft.Bcl.AsyncInterfaces.dll', returning.
TpTrace Information: 0 : 25024, 1, 2023/01/02, 19:48:39.344, 6027565102733, vstest.console.dll, AssemblyResolver.OnResolve: Microsoft.Bcl.AsyncInterfaces: Assembly path does not exist: 'C:\Program Files\dotnet\sdk\7.0.100-preview.3.22179.4\Extensions\Microsoft.Bcl.AsyncInterfaces.exe', returning.
TpTrace Information: 0 : 25024, 1, 2023/01/02, 19:48:39.344, 6027565102946, vstest.console.dll, AssemblyResolver.OnResolve: Microsoft.Bcl.AsyncInterfaces: Searching in: 'C:\Program Files\dotnet\sdk\7.0.100-preview.3.22179.4'.
TpTrace Information: 0 : 25024, 1, 2023/01/02, 19:48:39.344, 6027565103384, vstest.console.dll, AssemblyResolver.OnResolve: Microsoft.Bcl.AsyncInterfaces: Assembly path does not exist: 'C:\Program Files\dotnet\sdk\7.0.100-preview.3.22179.4\Microsoft.Bcl.AsyncInterfaces.dll', returning.
TpTrace Information: 0 : 25024, 1, 2023/01/02, 19:48:39.344, 6027565103803, vstest.console.dll, AssemblyResolver.OnResolve: Microsoft.Bcl.AsyncInterfaces: Assembly path does not exist: 'C:\Program Files\dotnet\sdk\7.0.100-preview.3.22179.4\Microsoft.Bcl.AsyncInterfaces.exe', returning.
TpTrace Information: 0 : 25024, 1, 2023/01/02, 19:48:39.344, 6027565104067, vstest.console.dll, AssemblyResolver.OnResolve: Microsoft.Bcl.AsyncInterfaces: Failed to load assembly.
TpTrace Verbose: 0 : 25024, 1, 2023/01/02, 19:48:39.344, 6027565104312, vstest.console.dll, CurrentDomainAssemblyResolve: Resolving assembly 'Microsoft.Bcl.AsyncInterfaces'.
TpTrace Information: 0 : 25024, 1, 2023/01/02, 19:48:39.344, 6027565104707, vstest.console.dll, AssemblyResolver.OnResolve: Microsoft.Bcl.AsyncInterfaces: Resolving assembly.
TpTrace Information: 0 : 25024, 1, 2023/01/02, 19:48:39.344, 6027565105010, vstest.console.dll, AssemblyResolver.OnResolve: Microsoft.Bcl.AsyncInterfaces: Resolved from cache.
TpTrace Verbose: 0 : 25024, 1, 2023/01/02, 19:48:39.344, 6027565105195, vstest.console.dll, CurrentDomainAssemblyResolve: Resolving assembly 'Microsoft.Bcl.AsyncInterfaces'.
TpTrace Verbose: 0 : 25024, 1, 2023/01/02, 19:48:39.344, 6027565105469, vstest.console.dll, CurrentDomainAssemblyResolve: Failed to resolve assembly 'Microsoft.Bcl.AsyncInterfaces'.
TpTrace Verbose: 0 : 25024, 1, 2023/01/02, 19:48:39.345, 6027565110493, vstest.console.dll, CurrentDomainAssemblyResolve: Failed to resolve assembly 'Microsoft.Bcl.AsyncInterfaces'.
TpTrace Warning: 0 : 25024, 1, 2023/01/02, 19:48:39.352, 6027565185569, vstest.console.dll, TestPluginDiscoverer: Failed to get types from assembly 'Microsoft.Diagnostics.NETCore.Client, Version=0.2.5.801, Culture=neutral, PublicKeyToken=31bf3856ad364e35'. Error: System.Reflection.ReflectionTypeLoadException: Unable to load one or more of the requested types.
Could not load file or assembly 'Microsoft.Bcl.AsyncInterfaces, Version=1.0.0.0, Culture=neutral, PublicKeyToken=cc7b13ffcd2ddd51'. O sistema não pode encontrar o arquivo especificado.
   at System.Reflection.RuntimeModule.GetTypes(RuntimeModule module)
   at System.Reflection.Assembly.GetTypes()
   at Microsoft.VisualStudio.TestPlatform.Common.ExtensionFramework.TestPluginDiscoverer.GetTestExtensionsFromAssembly[TPluginInfo,TExtension](Assembly assembly, Dictionary`2 pluginInfos, String filePath)
System.IO.FileNotFoundException: Could not load file or assembly 'Microsoft.Bcl.AsyncInterfaces, Version=1.0.0.0, Culture=neutral, PublicKeyToken=cc7b13ffcd2ddd51'. O sistema não pode encontrar o arquivo especificado.
File name: 'Microsoft.Bcl.AsyncInterfaces, Version=1.0.0.0, Culture=neutral, PublicKeyToken=cc7b13ffcd2ddd51'
 ---> System.IO.FileNotFoundException: Could not load file or assembly 'Microsoft.Bcl.AsyncInterfaces, Culture=neutral, PublicKeyToken=null'. O sistema não pode encontrar o arquivo especificado.
File name: 'Microsoft.Bcl.AsyncInterfaces, Culture=neutral, PublicKeyToken=null'
   at System.Reflection.RuntimeAssembly.<InternalLoad>g____PInvoke__|48_0(ObjectHandleOnStack assemblyName, ObjectHandleOnStack requestingAssembly, StackCrawlMarkHandle stackMark, Int32 throwOnFileNotFound, ObjectHandleOnStack assemblyLoadContext, ObjectHandleOnStack retAssembly)
   at System.Reflection.RuntimeAssembly.InternalLoad(AssemblyName assemblyName, RuntimeAssembly requestingAssembly, StackCrawlMark& stackMark, Boolean throwOnFileNotFound, AssemblyLoadContext assemblyLoadContext)
   at System.Reflection.Assembly.Load(AssemblyName assemblyRef)
   at Microsoft.VisualStudio.TestPlatform.Common.ExtensionFramework.TestPluginCache.CurrentDomainAssemblyResolve(Object sender, AssemblyResolveEventArgs args)
   at System.Runtime.Loader.AssemblyLoadContext.GetFirstResolvedAssemblyFromResolvingEvent(AssemblyName assemblyName)
   at System.Runtime.Loader.AssemblyLoadContext.ResolveUsingEvent(AssemblyName assemblyName)
   at System.Runtime.Loader.AssemblyLoadContext.ResolveUsingResolvingEvent(IntPtr gchManagedAssemblyLoadContext, AssemblyName assemblyName)
TpTrace Warning: 0 : 25024, 1, 2023/01/02, 19:48:39.353, 6027565196899, vstest.console.dll, TestPluginDiscoverer: Failed to load extensions from file 'C:\Program Files\dotnet\sdk\7.0.100-preview.3.22179.4\Extensions\Microsoft.Diagnostics.NETCore.Client.dll'.  Skipping test extension scan for this file.  Error: System.ArgumentNullException: Value cannot be null. (Parameter 'type')
   at <PrivateImplementationDetails>.Throw(String paramName)
   at System.Reflection.IntrospectionExtensions.GetTypeInfo(Type type)
   at Microsoft.VisualStudio.TestPlatform.Common.ExtensionFramework.TestPluginDiscoverer.<>c__6`2.<GetTestExtensionsFromAssembly>b__6_1(Type type)
   at System.Linq.Enumerable.WhereArrayIterator`1.MoveNext()
   at System.Collections.Generic.List`1.InsertRange(Int32 index, IEnumerable`1 collection)
   at Microsoft.VisualStudio.TestPlatform.Common.ExtensionFramework.TestPluginDiscoverer.GetTestExtensionsFromAssembly[TPluginInfo,TExtension](Assembly assembly, Dictionary`2 pluginInfos, String filePath)
   at Microsoft.VisualStudio.TestPlatform.Common.ExtensionFramework.TestPluginDiscoverer.GetTestExtensionsFromFiles[TPluginInfo,TExtension](String[] files, Dictionary`2 pluginInfos)
TpTrace Information: 0 : 25024, 1, 2023/01/02, 19:48:39.353, 6027565197709, vstest.console.dll, AssemblyResolver.OnResolve: Microsoft.TestPlatform.Extensions.BlameDataCollector: Resolving assembly.
TpTrace Information: 0 : 25024, 1, 2023/01/02, 19:48:39.353, 6027565197964, vstest.console.dll, AssemblyResolver.OnResolve: Microsoft.TestPlatform.Extensions.BlameDataCollector: Searching in: 'C:\Program Files\dotnet\sdk\7.0.100-preview.3.22179.4\Extensions'.
TpTrace Information: 0 : 25024, 1, 2023/01/02, 19:48:39.354, 6027565201117, vstest.console.dll, AssemblyResolver.OnResolve: Microsoft.TestPlatform.Extensions.BlameDataCollector: Loading assembly 'C:\Program Files\dotnet\sdk\7.0.100-preview.3.22179.4\Extensions\Microsoft.TestPlatform.Extensions.BlameDataCollector.dll'.
TpTrace Information: 0 : 25024, 1, 2023/01/02, 19:48:39.354, 6027565204839, vstest.console.dll, AssemblyResolver.OnResolve: Resolved assembly: Microsoft.TestPlatform.Extensions.BlameDataCollector, from path: C:\Program Files\dotnet\sdk\7.0.100-preview.3.22179.4\Extensions\Microsoft.TestPlatform.Extensions.BlameDataCollector.dll
TpTrace Verbose: 0 : 25024, 1, 2023/01/02, 19:48:39.354, 6027565205304, vstest.console.dll, MetadataReaderExtensionsHelper: Discovering extensions inside assembly 'Microsoft.TestPlatform.Extensions.BlameDataCollector, Version=15.0.0.0, Culture=neutral, PublicKeyToken=b03f5f7f11d50a3a' file path 'C:\Program Files\dotnet\sdk\7.0.100-preview.3.22179.4\Extensions\Microsoft.TestPlatform.Extensions.BlameDataCollector.dll'
TpTrace Information: 0 : 25024, 1, 2023/01/02, 19:48:39.355, 6027565213363, vstest.console.dll, AssemblyResolver.OnResolve: Microsoft.TestPlatform.Extensions.EventLogCollector: Resolving assembly.
TpTrace Information: 0 : 25024, 1, 2023/01/02, 19:48:39.355, 6027565213752, vstest.console.dll, AssemblyResolver.OnResolve: Microsoft.TestPlatform.Extensions.EventLogCollector: Searching in: 'C:\Program Files\dotnet\sdk\7.0.100-preview.3.22179.4\Extensions'.
TpTrace Information: 0 : 25024, 1, 2023/01/02, 19:48:39.355, 6027565216810, vstest.console.dll, AssemblyResolver.OnResolve: Microsoft.TestPlatform.Extensions.EventLogCollector: Loading assembly 'C:\Program Files\dotnet\sdk\7.0.100-preview.3.22179.4\Extensions\Microsoft.TestPlatform.Extensions.EventLogCollector.dll'.
TpTrace Information: 0 : 25024, 1, 2023/01/02, 19:48:39.356, 6027565220282, vstest.console.dll, AssemblyResolver.OnResolve: Resolved assembly: Microsoft.TestPlatform.Extensions.EventLogCollector, from path: C:\Program Files\dotnet\sdk\7.0.100-preview.3.22179.4\Extensions\Microsoft.TestPlatform.Extensions.EventLogCollector.dll
TpTrace Verbose: 0 : 25024, 1, 2023/01/02, 19:48:39.356, 6027565220726, vstest.console.dll, MetadataReaderExtensionsHelper: Discovering extensions inside assembly 'Microsoft.TestPlatform.Extensions.EventLogCollector, Version=15.0.0.0, Culture=neutral, PublicKeyToken=b03f5f7f11d50a3a' file path 'C:\Program Files\dotnet\sdk\7.0.100-preview.3.22179.4\Extensions\Microsoft.TestPlatform.Extensions.EventLogCollector.dll'
TpTrace Information: 0 : 25024, 1, 2023/01/02, 19:48:39.357, 6027565230770, vstest.console.dll, AssemblyResolver.OnResolve: Microsoft.TestPlatform.TestHostRuntimeProvider: Resolving assembly.
TpTrace Information: 0 : 25024, 1, 2023/01/02, 19:48:39.357, 6027565231174, vstest.console.dll, AssemblyResolver.OnResolve: Microsoft.TestPlatform.TestHostRuntimeProvider: Searching in: 'C:\Program Files\dotnet\sdk\7.0.100-preview.3.22179.4\Extensions'.
TpTrace Information: 0 : 25024, 1, 2023/01/02, 19:48:39.357, 6027565234047, vstest.console.dll, AssemblyResolver.OnResolve: Microsoft.TestPlatform.TestHostRuntimeProvider: Loading assembly 'C:\Program Files\dotnet\sdk\7.0.100-preview.3.22179.4\Extensions\Microsoft.TestPlatform.TestHostRuntimeProvider.dll'.
TpTrace Information: 0 : 25024, 1, 2023/01/02, 19:48:39.357, 6027565237564, vstest.console.dll, AssemblyResolver.OnResolve: Resolved assembly: Microsoft.TestPlatform.TestHostRuntimeProvider, from path: C:\Program Files\dotnet\sdk\7.0.100-preview.3.22179.4\Extensions\Microsoft.TestPlatform.TestHostRuntimeProvider.dll
TpTrace Verbose: 0 : 25024, 1, 2023/01/02, 19:48:39.357, 6027565237994, vstest.console.dll, MetadataReaderExtensionsHelper: Discovering extensions inside assembly 'Microsoft.TestPlatform.TestHostRuntimeProvider, Version=15.0.0.0, Culture=neutral, PublicKeyToken=b03f5f7f11d50a3a' file path 'C:\Program Files\dotnet\sdk\7.0.100-preview.3.22179.4\Extensions\Microsoft.TestPlatform.TestHostRuntimeProvider.dll'
TpTrace Information: 0 : 25024, 1, 2023/01/02, 19:48:39.359, 6027565250948, vstest.console.dll, GetTestExtensionFromType: Register extension with identifier data 'HostProvider://DefaultTestHost' and type 'Microsoft.VisualStudio.TestPlatform.CrossPlatEngine.Hosting.DefaultTestHostManager, Microsoft.TestPlatform.TestHostRuntimeProvider, Version=15.0.0.0, Culture=neutral, PublicKeyToken=b03f5f7f11d50a3a' inside file 'C:\Program Files\dotnet\sdk\7.0.100-preview.3.22179.4\Extensions\Microsoft.TestPlatform.TestHostRuntimeProvider.dll'
TpTrace Information: 0 : 25024, 1, 2023/01/02, 19:48:39.359, 6027565251612, vstest.console.dll, GetTestExtensionFromType: Register extension with identifier data 'HostProvider://DotnetTestHost' and type 'Microsoft.VisualStudio.TestPlatform.CrossPlatEngine.Hosting.DotnetTestHostManager, Microsoft.TestPlatform.TestHostRuntimeProvider, Version=15.0.0.0, Culture=neutral, PublicKeyToken=b03f5f7f11d50a3a' inside file 'C:\Program Files\dotnet\sdk\7.0.100-preview.3.22179.4\Extensions\Microsoft.TestPlatform.TestHostRuntimeProvider.dll'
TpTrace Information: 0 : 25024, 1, 2023/01/02, 19:48:39.359, 6027565252131, vstest.console.dll, AssemblyResolver.OnResolve: Microsoft.VisualStudio.TestPlatform.Extensions.Html.TestLogger: Resolving assembly.
TpTrace Information: 0 : 25024, 1, 2023/01/02, 19:48:39.359, 6027565252372, vstest.console.dll, AssemblyResolver.OnResolve: Microsoft.VisualStudio.TestPlatform.Extensions.Html.TestLogger: Searching in: 'C:\Program Files\dotnet\sdk\7.0.100-preview.3.22179.4\Extensions'.
TpTrace Information: 0 : 25024, 1, 2023/01/02, 19:48:39.359, 6027565255662, vstest.console.dll, AssemblyResolver.OnResolve: Microsoft.VisualStudio.TestPlatform.Extensions.Html.TestLogger: Loading assembly 'C:\Program Files\dotnet\sdk\7.0.100-preview.3.22179.4\Extensions\Microsoft.VisualStudio.TestPlatform.Extensions.Html.TestLogger.dll'.
TpTrace Information: 0 : 25024, 1, 2023/01/02, 19:48:39.360, 6027565261732, vstest.console.dll, AssemblyResolver.OnResolve: Resolved assembly: Microsoft.VisualStudio.TestPlatform.Extensions.Html.TestLogger, from path: C:\Program Files\dotnet\sdk\7.0.100-preview.3.22179.4\Extensions\Microsoft.VisualStudio.TestPlatform.Extensions.Html.TestLogger.dll
TpTrace Verbose: 0 : 25024, 1, 2023/01/02, 19:48:39.360, 6027565262230, vstest.console.dll, MetadataReaderExtensionsHelper: Discovering extensions inside assembly 'Microsoft.VisualStudio.TestPlatform.Extensions.Html.TestLogger, Version=15.0.0.0, Culture=neutral, PublicKeyToken=b03f5f7f11d50a3a' file path 'C:\Program Files\dotnet\sdk\7.0.100-preview.3.22179.4\Extensions\Microsoft.VisualStudio.TestPlatform.Extensions.Html.TestLogger.dll'
TpTrace Information: 0 : 25024, 1, 2023/01/02, 19:48:39.360, 6027565267957, vstest.console.dll, AssemblyResolver.OnResolve: Microsoft.VisualStudio.TestPlatform.Extensions.Trx.TestLogger: Resolving assembly.
TpTrace Information: 0 : 25024, 1, 2023/01/02, 19:48:39.360, 6027565268349, vstest.console.dll, AssemblyResolver.OnResolve: Microsoft.VisualStudio.TestPlatform.Extensions.Trx.TestLogger: Searching in: 'C:\Program Files\dotnet\sdk\7.0.100-preview.3.22179.4\Extensions'.
TpTrace Information: 0 : 25024, 1, 2023/01/02, 19:48:39.361, 6027565272249, vstest.console.dll, AssemblyResolver.OnResolve: Microsoft.VisualStudio.TestPlatform.Extensions.Trx.TestLogger: Loading assembly 'C:\Program Files\dotnet\sdk\7.0.100-preview.3.22179.4\Extensions\Microsoft.VisualStudio.TestPlatform.Extensions.Trx.TestLogger.dll'.
TpTrace Information: 0 : 25024, 1, 2023/01/02, 19:48:39.361, 6027565276801, vstest.console.dll, AssemblyResolver.OnResolve: Resolved assembly: Microsoft.VisualStudio.TestPlatform.Extensions.Trx.TestLogger, from path: C:\Program Files\dotnet\sdk\7.0.100-preview.3.22179.4\Extensions\Microsoft.VisualStudio.TestPlatform.Extensions.Trx.TestLogger.dll
TpTrace Verbose: 0 : 25024, 1, 2023/01/02, 19:48:39.361, 6027565277275, vstest.console.dll, MetadataReaderExtensionsHelper: Discovering extensions inside assembly 'Microsoft.VisualStudio.TestPlatform.Extensions.Trx.TestLogger, Version=15.0.0.0, Culture=neutral, PublicKeyToken=b03f5f7f11d50a3a' file path 'C:\Program Files\dotnet\sdk\7.0.100-preview.3.22179.4\Extensions\Microsoft.VisualStudio.TestPlatform.Extensions.Trx.TestLogger.dll'
TpTrace Verbose: 0 : 25024, 1, 2023/01/02, 19:48:39.362, 6027565286688, vstest.console.dll, TestPluginCache: Discovered the extensions using extension path ''.
TpTrace Verbose: 0 : 25024, 1, 2023/01/02, 19:48:39.362, 6027565287135, vstest.console.dll, TestPluginCache: Discoverers are ''.
TpTrace Verbose: 0 : 25024, 1, 2023/01/02, 19:48:39.362, 6027565287323, vstest.console.dll, TestPluginCache: Executors are ''.
TpTrace Verbose: 0 : 25024, 1, 2023/01/02, 19:48:39.362, 6027565287512, vstest.console.dll, TestPluginCache: Executors2 are ''.
TpTrace Verbose: 0 : 25024, 1, 2023/01/02, 19:48:39.362, 6027565287658, vstest.console.dll, TestPluginCache: Setting providers are ''.
TpTrace Verbose: 0 : 25024, 1, 2023/01/02, 19:48:39.362, 6027565287802, vstest.console.dll, TestPluginCache: Loggers are ''.
TpTrace Verbose: 0 : 25024, 1, 2023/01/02, 19:48:39.362, 6027565288893, vstest.console.dll, TestPluginCache: TestHosts are 'HostProvider://DefaultTestHost,HostProvider://DotnetTestHost'.
TpTrace Verbose: 0 : 25024, 1, 2023/01/02, 19:48:39.362, 6027565289173, vstest.console.dll, TestPluginCache: DataCollectors are ''.
TpTrace Information: 0 : 25024, 1, 2023/01/02, 19:48:39.371, 6027565370078, vstest.console.dll, RunTestsArgumentProcessor:Execute: Test run is starting.
TpTrace Verbose: 0 : 25024, 1, 2023/01/02, 19:48:39.371, 6027565370715, vstest.console.dll, RunTestsArgumentProcessor:Execute: Queuing Test run.
TpTrace Information: 0 : 25024, 1, 2023/01/02, 19:48:39.371, 6027565372017, vstest.console.dll, TestRequestManager.RunTests: run tests started.
TpTrace Information: 0 : 25024, 1, 2023/01/02, 19:48:39.372, 6027565383952, vstest.console.dll, AssemblyMetadataProvider.GetFrameWork: Determined framework:'.NETCoreApp,Version=v6.0' for source: 'F:\Projetos ASP.NET\Repositorio Tutoriais\xgame-api\Simple API\SimpleApi.Test\bin\Debug\net6.0\fine-code-coverage\build-output\SimpleApi.Test.dll'
TpTrace Information: 0 : 25024, 1, 2023/01/02, 19:48:39.372, 6027565384950, vstest.console.dll, Determined framework for all sources: .NETCoreApp,Version=v6.0
TpTrace Verbose: 0 : 25024, 1, 2023/01/02, 19:48:39.372, 6027565386591, vstest.console.dll, TestRequestManager.UpdateRunSettingsIfRequired: Default architecture: X64 IsDefaultTargetArchitecture: True, Current process architecture: X64.
TpTrace Information: 0 : 25024, 1, 2023/01/02, 19:48:39.372, 6027565389371, vstest.console.dll, AssemblyMetadataProvider.GetArchitecture: Determined architecture:AnyCPU info for assembly: F:\Projetos ASP.NET\Repositorio Tutoriais\xgame-api\Simple API\SimpleApi.Test\bin\Debug\net6.0\fine-code-coverage\build-output\SimpleApi.Test.dll
TpTrace Information: 0 : 25024, 1, 2023/01/02, 19:48:39.372, 6027565389727, vstest.console.dll, Determined platform for source 'F:\Projetos ASP.NET\Repositorio Tutoriais\xgame-api\Simple API\SimpleApi.Test\bin\Debug\net6.0\fine-code-coverage\build-output\SimpleApi.Test.dll' is 'AnyCPU'
TpTrace Information: 0 : 25024, 1, 2023/01/02, 19:48:39.374, 6027565403687, vstest.console.dll, Determined platform for all sources: X64
TpTrace Information: 0 : 25024, 1, 2023/01/02, 19:48:39.374, 6027565404114, vstest.console.dll, Infered platform 'X64'.
TpTrace Information: 0 : 25024, 1, 2023/01/02, 19:48:39.374, 6027565404335, vstest.console.dll, Platform update to 'X64' required.
TpTrace Information: 0 : 25024, 1, 2023/01/02, 19:48:39.376, 6027565423925, vstest.console.dll, Compatible sources list: 
TpTrace Information: 0 : 25024, 1, 2023/01/02, 19:48:39.376, 6027565424442, vstest.console.dll, F:\Projetos ASP.NET\Repositorio Tutoriais\xgame-api\Simple API\SimpleApi.Test\bin\Debug\net6.0\fine-code-coverage\build-output\SimpleApi.Test.dll
TpTrace Information: 0 : 25024, 1, 2023/01/02, 19:48:39.378, 6027565441151, vstest.console.dll, InferRunSettingsHelper.IsTestSettingsEnabled: Unable to navigate to RunSettings/MSTest. Current node: RunSettings
TpTrace Information: 0 : 25024, 1, 2023/01/02, 19:48:39.378, 6027565445774, vstest.console.dll, AssemblyResolver.OnResolve: Microsoft.VisualStudio.TestPlatform.Fakes: Resolving assembly.
TpTrace Information: 0 : 25024, 1, 2023/01/02, 19:48:39.378, 6027565446145, vstest.console.dll, AssemblyResolver.OnResolve: Microsoft.VisualStudio.TestPlatform.Fakes: Searching in: 'C:\Program Files\dotnet\sdk\7.0.100-preview.3.22179.4\Extensions'.
TpTrace Information: 0 : 25024, 1, 2023/01/02, 19:48:39.378, 6027565446950, vstest.console.dll, AssemblyResolver.OnResolve: Microsoft.VisualStudio.TestPlatform.Fakes: Assembly path does not exist: 'C:\Program Files\dotnet\sdk\7.0.100-preview.3.22179.4\Extensions\Microsoft.VisualStudio.TestPlatform.Fakes.dll', returning.
TpTrace Information: 0 : 25024, 1, 2023/01/02, 19:48:39.378, 6027565447484, vstest.console.dll, AssemblyResolver.OnResolve: Microsoft.VisualStudio.TestPlatform.Fakes: Assembly path does not exist: 'C:\Program Files\dotnet\sdk\7.0.100-preview.3.22179.4\Extensions\Microsoft.VisualStudio.TestPlatform.Fakes.exe', returning.
TpTrace Information: 0 : 25024, 1, 2023/01/02, 19:48:39.378, 6027565448078, vstest.console.dll, AssemblyResolver.OnResolve: Microsoft.VisualStudio.TestPlatform.Fakes: Searching in: 'C:\Program Files\dotnet\sdk\7.0.100-preview.3.22179.4'.
TpTrace Information: 0 : 25024, 1, 2023/01/02, 19:48:39.378, 6027565448597, vstest.console.dll, AssemblyResolver.OnResolve: Microsoft.VisualStudio.TestPlatform.Fakes: Assembly path does not exist: 'C:\Program Files\dotnet\sdk\7.0.100-preview.3.22179.4\Microsoft.VisualStudio.TestPlatform.Fakes.dll', returning.
TpTrace Information: 0 : 25024, 1, 2023/01/02, 19:48:39.378, 6027565449062, vstest.console.dll, AssemblyResolver.OnResolve: Microsoft.VisualStudio.TestPlatform.Fakes: Assembly path does not exist: 'C:\Program Files\dotnet\sdk\7.0.100-preview.3.22179.4\Microsoft.VisualStudio.TestPlatform.Fakes.exe', returning.
TpTrace Information: 0 : 25024, 1, 2023/01/02, 19:48:39.378, 6027565449269, vstest.console.dll, AssemblyResolver.OnResolve: Microsoft.VisualStudio.TestPlatform.Fakes: Failed to load assembly.
TpTrace Information: 0 : 25024, 1, 2023/01/02, 19:48:39.379, 6027565451349, vstest.console.dll, Failed to load assembly Microsoft.VisualStudio.TestPlatform.Fakes, Version=17.0.0.0, Culture=neutral. Reason:System.IO.FileNotFoundException: Could not load file or assembly 'Microsoft.VisualStudio.TestPlatform.Fakes, Version=17.0.0.0, Culture=neutral, PublicKeyToken=null'. O sistema não pode encontrar o arquivo especificado.
File name: 'Microsoft.VisualStudio.TestPlatform.Fakes, Version=17.0.0.0, Culture=neutral, PublicKeyToken=null'
   at System.Reflection.RuntimeAssembly.<InternalLoad>g____PInvoke__|48_0(ObjectHandleOnStack assemblyName, ObjectHandleOnStack requestingAssembly, StackCrawlMarkHandle stackMark, Int32 throwOnFileNotFound, ObjectHandleOnStack assemblyLoadContext, ObjectHandleOnStack retAssembly)
   at System.Reflection.RuntimeAssembly.InternalLoad(AssemblyName assemblyName, RuntimeAssembly requestingAssembly, StackCrawlMark& stackMark, Boolean throwOnFileNotFound, AssemblyLoadContext assemblyLoadContext)
   at System.Reflection.Assembly.Load(AssemblyName assemblyRef)
   at Microsoft.VisualStudio.TestPlatform.Common.Utilities.FakesUtilities.LoadTestPlatformAssembly()
TpTrace Verbose: 0 : 25024, 1, 2023/01/02, 19:48:39.381, 6027565474771, vstest.console.dll, TestPluginCache.DiscoverTestExtensions: finding test extensions in assemblies ends with: TestLogger.dll TPluginInfo: Microsoft.VisualStudio.TestPlatform.Common.ExtensionFramework.Utilities.TestLoggerPluginInformation TExtension: Microsoft.VisualStudio.TestPlatform.ObjectModel.Client.ITestLogger
TpTrace Verbose: 0 : 25024, 1, 2023/01/02, 19:48:39.381, 6027565475352, vstest.console.dll, TestPluginCache.GetExtensionPaths: Filtered extension paths: 
TpTrace Verbose: 0 : 25024, 1, 2023/01/02, 19:48:39.381, 6027565475581, vstest.console.dll, TestPluginCache.GetExtensionPaths: Added default extension paths: C:\Program Files\dotnet\sdk\7.0.100-preview.3.22179.4\Extensions\DumpMinitool.exe
C:\Program Files\dotnet\sdk\7.0.100-preview.3.22179.4\Extensions\DumpMinitool.x86.exe
C:\Program Files\dotnet\sdk\7.0.100-preview.3.22179.4\Extensions\Microsoft.Diagnostics.NETCore.Client.dll
C:\Program Files\dotnet\sdk\7.0.100-preview.3.22179.4\Extensions\Microsoft.TestPlatform.Extensions.BlameDataCollector.dll
C:\Program Files\dotnet\sdk\7.0.100-preview.3.22179.4\Extensions\Microsoft.TestPlatform.Extensions.EventLogCollector.dll
C:\Program Files\dotnet\sdk\7.0.100-preview.3.22179.4\Extensions\Microsoft.TestPlatform.TestHostRuntimeProvider.dll
C:\Program Files\dotnet\sdk\7.0.100-preview.3.22179.4\Extensions\Microsoft.VisualStudio.TestPlatform.Extensions.Html.TestLogger.dll
C:\Program Files\dotnet\sdk\7.0.100-preview.3.22179.4\Extensions\Microsoft.VisualStudio.TestPlatform.Extensions.Trx.TestLogger.dll
TpTrace Verbose: 0 : 25024, 1, 2023/01/02, 19:48:39.381, 6027565475816, vstest.console.dll, TestPluginCache.GetExtensionPaths: Added unfilterableExtensionPaths: 
TpTrace Information: 0 : 25024, 1, 2023/01/02, 19:48:39.381, 6027565476757, vstest.console.dll, AssemblyResolver.AddSearchDirectories: Adding more searchDirectories C:\Program Files\dotnet\sdk\7.0.100-preview.3.22179.4\Extensions,C:\Program Files\dotnet\sdk\7.0.100-preview.3.22179.4
TpTrace Verbose: 0 : 25024, 1, 2023/01/02, 19:48:39.381, 6027565477087, vstest.console.dll, TestPluginCache.DiscoverTestExtensions: Discovering the extensions using extension path.
TpTrace Verbose: 0 : 25024, 1, 2023/01/02, 19:48:39.381, 6027565477313, vstest.console.dll, TestPluginCache.GetExtensionPaths: Filtered extension paths: 
TpTrace Verbose: 0 : 25024, 1, 2023/01/02, 19:48:39.381, 6027565477518, vstest.console.dll, TestPluginCache.GetExtensionPaths: Added default extension paths: C:\Program Files\dotnet\sdk\7.0.100-preview.3.22179.4\Extensions\DumpMinitool.exe
C:\Program Files\dotnet\sdk\7.0.100-preview.3.22179.4\Extensions\DumpMinitool.x86.exe
C:\Program Files\dotnet\sdk\7.0.100-preview.3.22179.4\Extensions\Microsoft.Diagnostics.NETCore.Client.dll
C:\Program Files\dotnet\sdk\7.0.100-preview.3.22179.4\Extensions\Microsoft.TestPlatform.Extensions.BlameDataCollector.dll
C:\Program Files\dotnet\sdk\7.0.100-preview.3.22179.4\Extensions\Microsoft.TestPlatform.Extensions.EventLogCollector.dll
C:\Program Files\dotnet\sdk\7.0.100-preview.3.22179.4\Extensions\Microsoft.TestPlatform.TestHostRuntimeProvider.dll
C:\Program Files\dotnet\sdk\7.0.100-preview.3.22179.4\Extensions\Microsoft.VisualStudio.TestPlatform.Extensions.Html.TestLogger.dll
C:\Program Files\dotnet\sdk\7.0.100-preview.3.22179.4\Extensions\Microsoft.VisualStudio.TestPlatform.Extensions.Trx.TestLogger.dll
TpTrace Verbose: 0 : 25024, 1, 2023/01/02, 19:48:39.381, 6027565477723, vstest.console.dll, TestPluginCache.GetExtensionPaths: Added unfilterableExtensionPaths: 
TpTrace Verbose: 0 : 25024, 1, 2023/01/02, 19:48:39.381, 6027565477931, vstest.console.dll, TestPluginCache.DiscoverTestExtensions: Discovering the extensions using allExtensionPaths: C:\Program Files\dotnet\sdk\7.0.100-preview.3.22179.4\Extensions\DumpMinitool.exe
C:\Program Files\dotnet\sdk\7.0.100-preview.3.22179.4\Extensions\DumpMinitool.x86.exe
C:\Program Files\dotnet\sdk\7.0.100-preview.3.22179.4\Extensions\Microsoft.Diagnostics.NETCore.Client.dll
C:\Program Files\dotnet\sdk\7.0.100-preview.3.22179.4\Extensions\Microsoft.TestPlatform.Extensions.BlameDataCollector.dll
C:\Program Files\dotnet\sdk\7.0.100-preview.3.22179.4\Extensions\Microsoft.TestPlatform.Extensions.EventLogCollector.dll
C:\Program Files\dotnet\sdk\7.0.100-preview.3.22179.4\Extensions\Microsoft.TestPlatform.TestHostRuntimeProvider.dll
C:\Program Files\dotnet\sdk\7.0.100-preview.3.22179.4\Extensions\Microsoft.VisualStudio.TestPlatform.Extensions.Html.TestLogger.dll
C:\Program Files\dotnet\sdk\7.0.100-preview.3.22179.4\Extensions\Microsoft.VisualStudio.TestPlatform.Extensions.Trx.TestLogger.dll
TpTrace Information: 0 : 25024, 1, 2023/01/02, 19:48:39.381, 6027565478249, vstest.console.dll, AssemblyResolver.AddSearchDirectories: Adding more searchDirectories C:\Program Files\dotnet\sdk\7.0.100-preview.3.22179.4\Extensions,C:\Program Files\dotnet\sdk\7.0.100-preview.3.22179.4
TpTrace Information: 0 : 25024, 1, 2023/01/02, 19:48:39.381, 6027565478473, vstest.console.dll, AssemblyResolver.AddSearchDirectories: Adding more searchDirectories C:\Program Files\dotnet\sdk\7.0.100-preview.3.22179.4\Extensions,C:\Program Files\dotnet\sdk\7.0.100-preview.3.22179.4
TpTrace Information: 0 : 25024, 1, 2023/01/02, 19:48:39.381, 6027565478662, vstest.console.dll, AssemblyResolver.AddSearchDirectories: Adding more searchDirectories C:\Program Files\dotnet\sdk\7.0.100-preview.3.22179.4\Extensions,C:\Program Files\dotnet\sdk\7.0.100-preview.3.22179.4
TpTrace Information: 0 : 25024, 1, 2023/01/02, 19:48:39.381, 6027565478876, vstest.console.dll, AssemblyResolver.AddSearchDirectories: Adding more searchDirectories C:\Program Files\dotnet\sdk\7.0.100-preview.3.22179.4\Extensions,C:\Program Files\dotnet\sdk\7.0.100-preview.3.22179.4
TpTrace Information: 0 : 25024, 1, 2023/01/02, 19:48:39.381, 6027565479087, vstest.console.dll, AssemblyResolver.AddSearchDirectories: Adding more searchDirectories C:\Program Files\dotnet\sdk\7.0.100-preview.3.22179.4\Extensions,C:\Program Files\dotnet\sdk\7.0.100-preview.3.22179.4
TpTrace Information: 0 : 25024, 1, 2023/01/02, 19:48:39.381, 6027565479292, vstest.console.dll, AssemblyResolver.AddSearchDirectories: Adding more searchDirectories C:\Program Files\dotnet\sdk\7.0.100-preview.3.22179.4\Extensions,C:\Program Files\dotnet\sdk\7.0.100-preview.3.22179.4
TpTrace Information: 0 : 25024, 1, 2023/01/02, 19:48:39.381, 6027565479498, vstest.console.dll, AssemblyResolver.AddSearchDirectories: Adding more searchDirectories C:\Program Files\dotnet\sdk\7.0.100-preview.3.22179.4\Extensions,C:\Program Files\dotnet\sdk\7.0.100-preview.3.22179.4
TpTrace Information: 0 : 25024, 1, 2023/01/02, 19:48:39.381, 6027565479688, vstest.console.dll, AssemblyResolver.AddSearchDirectories: Adding more searchDirectories C:\Program Files\dotnet\sdk\7.0.100-preview.3.22179.4\Extensions,C:\Program Files\dotnet\sdk\7.0.100-preview.3.22179.4
TpTrace Verbose: 0 : 25024, 1, 2023/01/02, 19:48:39.382, 6027565480452, vstest.console.dll, MetadataReaderExtensionsHelper: Discovering extensions inside assembly 'DumpMinitool, Version=15.0.0.0, Culture=neutral, PublicKeyToken=b03f5f7f11d50a3a' file path 'C:\Program Files\dotnet\sdk\7.0.100-preview.3.22179.4\Extensions\DumpMinitool.exe'
TpTrace Verbose: 0 : 25024, 1, 2023/01/02, 19:48:39.382, 6027565484479, vstest.console.dll, MetadataReaderExtensionsHelper: Discovering extensions inside assembly 'DumpMinitool.x86, Version=15.0.0.0, Culture=neutral, PublicKeyToken=b03f5f7f11d50a3a' file path 'C:\Program Files\dotnet\sdk\7.0.100-preview.3.22179.4\Extensions\DumpMinitool.x86.exe'
TpTrace Verbose: 0 : 25024, 1, 2023/01/02, 19:48:39.382, 6027565487521, vstest.console.dll, MetadataReaderExtensionsHelper: Discovering extensions inside assembly 'Microsoft.Diagnostics.NETCore.Client, Version=0.2.5.801, Culture=neutral, PublicKeyToken=31bf3856ad364e35' file path 'C:\Program Files\dotnet\sdk\7.0.100-preview.3.22179.4\Extensions\Microsoft.Diagnostics.NETCore.Client.dll'
TpTrace Information: 0 : 25024, 1, 2023/01/02, 19:48:39.383, 6027565491210, vstest.console.dll, AssemblyResolver.OnResolve: Microsoft.Bcl.AsyncInterfaces: Resolving assembly.
TpTrace Information: 0 : 25024, 1, 2023/01/02, 19:48:39.383, 6027565491520, vstest.console.dll, AssemblyResolver.OnResolve: Microsoft.Bcl.AsyncInterfaces: Resolved from cache.
TpTrace Verbose: 0 : 25024, 1, 2023/01/02, 19:48:39.383, 6027565491732, vstest.console.dll, CurrentDomainAssemblyResolve: Resolving assembly 'Microsoft.Bcl.AsyncInterfaces'.
TpTrace Information: 0 : 25024, 1, 2023/01/02, 19:48:39.383, 6027565492027, vstest.console.dll, AssemblyResolver.OnResolve: Microsoft.Bcl.AsyncInterfaces: Resolving assembly.
TpTrace Information: 0 : 25024, 1, 2023/01/02, 19:48:39.383, 6027565492217, vstest.console.dll, AssemblyResolver.OnResolve: Microsoft.Bcl.AsyncInterfaces: Resolved from cache.
TpTrace Verbose: 0 : 25024, 1, 2023/01/02, 19:48:39.383, 6027565492378, vstest.console.dll, CurrentDomainAssemblyResolve: Resolving assembly 'Microsoft.Bcl.AsyncInterfaces'.
TpTrace Verbose: 0 : 25024, 1, 2023/01/02, 19:48:39.383, 6027565492534, vstest.console.dll, CurrentDomainAssemblyResolve: Failed to resolve assembly 'Microsoft.Bcl.AsyncInterfaces'.
TpTrace Verbose: 0 : 25024, 1, 2023/01/02, 19:48:39.383, 6027565493495, vstest.console.dll, CurrentDomainAssemblyResolve: Failed to resolve assembly 'Microsoft.Bcl.AsyncInterfaces'.
TpTrace Warning: 0 : 25024, 1, 2023/01/02, 19:48:39.383, 6027565495772, vstest.console.dll, TestPluginDiscoverer: Failed to get types from assembly 'Microsoft.Diagnostics.NETCore.Client, Version=0.2.5.801, Culture=neutral, PublicKeyToken=31bf3856ad364e35'. Error: System.Reflection.ReflectionTypeLoadException: Unable to load one or more of the requested types.
Could not load file or assembly 'Microsoft.Bcl.AsyncInterfaces, Version=1.0.0.0, Culture=neutral, PublicKeyToken=cc7b13ffcd2ddd51'. O sistema não pode encontrar o arquivo especificado.
   at System.Reflection.RuntimeModule.GetTypes(RuntimeModule module)
   at System.Reflection.Assembly.GetTypes()
   at Microsoft.VisualStudio.TestPlatform.Common.ExtensionFramework.TestPluginDiscoverer.GetTestExtensionsFromAssembly[TPluginInfo,TExtension](Assembly assembly, Dictionary`2 pluginInfos, String filePath)
System.IO.FileNotFoundException: Could not load file or assembly 'Microsoft.Bcl.AsyncInterfaces, Version=1.0.0.0, Culture=neutral, PublicKeyToken=cc7b13ffcd2ddd51'. O sistema não pode encontrar o arquivo especificado.
File name: 'Microsoft.Bcl.AsyncInterfaces, Version=1.0.0.0, Culture=neutral, PublicKeyToken=cc7b13ffcd2ddd51'
 ---> System.IO.FileNotFoundException: Could not load file or assembly 'Microsoft.Bcl.AsyncInterfaces, Culture=neutral, PublicKeyToken=null'. O sistema não pode encontrar o arquivo especificado.
File name: 'Microsoft.Bcl.AsyncInterfaces, Culture=neutral, PublicKeyToken=null'
   at System.Reflection.RuntimeAssembly.<InternalLoad>g____PInvoke__|48_0(ObjectHandleOnStack assemblyName, ObjectHandleOnStack requestingAssembly, StackCrawlMarkHandle stackMark, Int32 throwOnFileNotFound, ObjectHandleOnStack assemblyLoadContext, ObjectHandleOnStack retAssembly)
   at System.Reflection.RuntimeAssembly.InternalLoad(AssemblyName assemblyName, RuntimeAssembly requestingAssembly, StackCrawlMark& stackMark, Boolean throwOnFileNotFound, AssemblyLoadContext assemblyLoadContext)
   at System.Reflection.Assembly.Load(AssemblyName assemblyRef)
   at Microsoft.VisualStudio.TestPlatform.Common.ExtensionFramework.TestPluginCache.CurrentDomainAssemblyResolve(Object sender, AssemblyResolveEventArgs args)
   at System.Runtime.Loader.AssemblyLoadContext.GetFirstResolvedAssemblyFromResolvingEvent(AssemblyName assemblyName)
   at System.Runtime.Loader.AssemblyLoadContext.ResolveUsingEvent(AssemblyName assemblyName)
   at System.Runtime.Loader.AssemblyLoadContext.ResolveUsingResolvingEvent(IntPtr gchManagedAssemblyLoadContext, AssemblyName assemblyName)
TpTrace Warning: 0 : 25024, 1, 2023/01/02, 19:48:39.383, 6027565497134, vstest.console.dll, TestPluginDiscoverer: Failed to load extensions from file 'C:\Program Files\dotnet\sdk\7.0.100-preview.3.22179.4\Extensions\Microsoft.Diagnostics.NETCore.Client.dll'.  Skipping test extension scan for this file.  Error: System.ArgumentNullException: Value cannot be null. (Parameter 'type')
   at <PrivateImplementationDetails>.Throw(String paramName)
   at System.Reflection.IntrospectionExtensions.GetTypeInfo(Type type)
   at Microsoft.VisualStudio.TestPlatform.Common.ExtensionFramework.TestPluginDiscoverer.<>c__6`2.<GetTestExtensionsFromAssembly>b__6_1(Type type)
   at System.Linq.Enumerable.WhereArrayIterator`1.MoveNext()
   at System.Collections.Generic.List`1.InsertRange(Int32 index, IEnumerable`1 collection)
   at Microsoft.VisualStudio.TestPlatform.Common.ExtensionFramework.TestPluginDiscoverer.GetTestExtensionsFromAssembly[TPluginInfo,TExtension](Assembly assembly, Dictionary`2 pluginInfos, String filePath)
   at Microsoft.VisualStudio.TestPlatform.Common.ExtensionFramework.TestPluginDiscoverer.GetTestExtensionsFromFiles[TPluginInfo,TExtension](String[] files, Dictionary`2 pluginInfos)
TpTrace Verbose: 0 : 25024, 1, 2023/01/02, 19:48:39.383, 6027565497585, vstest.console.dll, MetadataReaderExtensionsHelper: Discovering extensions inside assembly 'Microsoft.TestPlatform.Extensions.BlameDataCollector, Version=15.0.0.0, Culture=neutral, PublicKeyToken=b03f5f7f11d50a3a' file path 'C:\Program Files\dotnet\sdk\7.0.100-preview.3.22179.4\Extensions\Microsoft.TestPlatform.Extensions.BlameDataCollector.dll'
TpTrace Information: 0 : 25024, 1, 2023/01/02, 19:48:39.384, 6027565501472, vstest.console.dll, GetTestExtensionFromType: Register extension with identifier data 'logger://Microsoft/TestPlatform/Extensions/Blame/v1' and type 'Microsoft.TestPlatform.Extensions.BlameDataCollector.BlameLogger, Microsoft.TestPlatform.Extensions.BlameDataCollector, Version=15.0.0.0, Culture=neutral, PublicKeyToken=b03f5f7f11d50a3a' inside file 'C:\Program Files\dotnet\sdk\7.0.100-preview.3.22179.4\Extensions\Microsoft.TestPlatform.Extensions.BlameDataCollector.dll'
TpTrace Verbose: 0 : 25024, 1, 2023/01/02, 19:48:39.384, 6027565501947, vstest.console.dll, MetadataReaderExtensionsHelper: Discovering extensions inside assembly 'Microsoft.TestPlatform.Extensions.EventLogCollector, Version=15.0.0.0, Culture=neutral, PublicKeyToken=b03f5f7f11d50a3a' file path 'C:\Program Files\dotnet\sdk\7.0.100-preview.3.22179.4\Extensions\Microsoft.TestPlatform.Extensions.EventLogCollector.dll'
TpTrace Verbose: 0 : 25024, 1, 2023/01/02, 19:48:39.384, 6027565505117, vstest.console.dll, MetadataReaderExtensionsHelper: Discovering extensions inside assembly 'Microsoft.TestPlatform.TestHostRuntimeProvider, Version=15.0.0.0, Culture=neutral, PublicKeyToken=b03f5f7f11d50a3a' file path 'C:\Program Files\dotnet\sdk\7.0.100-preview.3.22179.4\Extensions\Microsoft.TestPlatform.TestHostRuntimeProvider.dll'
TpTrace Verbose: 0 : 25024, 1, 2023/01/02, 19:48:39.384, 6027565508492, vstest.console.dll, MetadataReaderExtensionsHelper: Discovering extensions inside assembly 'Microsoft.VisualStudio.TestPlatform.Extensions.Html.TestLogger, Version=15.0.0.0, Culture=neutral, PublicKeyToken=b03f5f7f11d50a3a' file path 'C:\Program Files\dotnet\sdk\7.0.100-preview.3.22179.4\Extensions\Microsoft.VisualStudio.TestPlatform.Extensions.Html.TestLogger.dll'
TpTrace Information: 0 : 25024, 1, 2023/01/02, 19:48:39.385, 6027565511425, vstest.console.dll, GetTestExtensionFromType: Register extension with identifier data 'logger://Microsoft/TestPlatform/HtmlLogger/v1' and type 'Microsoft.VisualStudio.TestPlatform.Extensions.HtmlLogger.HtmlLogger, Microsoft.VisualStudio.TestPlatform.Extensions.Html.TestLogger, Version=15.0.0.0, Culture=neutral, PublicKeyToken=b03f5f7f11d50a3a' inside file 'C:\Program Files\dotnet\sdk\7.0.100-preview.3.22179.4\Extensions\Microsoft.VisualStudio.TestPlatform.Extensions.Html.TestLogger.dll'
TpTrace Verbose: 0 : 25024, 1, 2023/01/02, 19:48:39.385, 6027565511886, vstest.console.dll, MetadataReaderExtensionsHelper: Discovering extensions inside assembly 'Microsoft.VisualStudio.TestPlatform.Extensions.Trx.TestLogger, Version=15.0.0.0, Culture=neutral, PublicKeyToken=b03f5f7f11d50a3a' file path 'C:\Program Files\dotnet\sdk\7.0.100-preview.3.22179.4\Extensions\Microsoft.VisualStudio.TestPlatform.Extensions.Trx.TestLogger.dll'
TpTrace Information: 0 : 25024, 1, 2023/01/02, 19:48:39.385, 6027565515535, vstest.console.dll, GetTestExtensionFromType: Register extension with identifier data 'logger://Microsoft/TestPlatform/TrxLogger/v1' and type 'Microsoft.VisualStudio.TestPlatform.Extensions.TrxLogger.TrxLogger, Microsoft.VisualStudio.TestPlatform.Extensions.Trx.TestLogger, Version=15.0.0.0, Culture=neutral, PublicKeyToken=b03f5f7f11d50a3a' inside file 'C:\Program Files\dotnet\sdk\7.0.100-preview.3.22179.4\Extensions\Microsoft.VisualStudio.TestPlatform.Extensions.Trx.TestLogger.dll'
TpTrace Verbose: 0 : 25024, 1, 2023/01/02, 19:48:39.385, 6027565516096, vstest.console.dll, TestPluginCache: Discovered the extensions using extension path ''.
TpTrace Verbose: 0 : 25024, 1, 2023/01/02, 19:48:39.385, 6027565516322, vstest.console.dll, TestPluginCache: Discoverers are ''.
TpTrace Verbose: 0 : 25024, 1, 2023/01/02, 19:48:39.385, 6027565516483, vstest.console.dll, TestPluginCache: Executors are ''.
TpTrace Verbose: 0 : 25024, 1, 2023/01/02, 19:48:39.385, 6027565516631, vstest.console.dll, TestPluginCache: Executors2 are ''.
TpTrace Verbose: 0 : 25024, 1, 2023/01/02, 19:48:39.385, 6027565516774, vstest.console.dll, TestPluginCache: Setting providers are ''.
TpTrace Verbose: 0 : 25024, 1, 2023/01/02, 19:48:39.385, 6027565517288, vstest.console.dll, TestPluginCache: Loggers are 'logger://Microsoft/TestPlatform/Extensions/Blame/v1,logger://Microsoft/TestPlatform/HtmlLogger/v1,logger://Microsoft/TestPlatform/TrxLogger/v1'.
TpTrace Verbose: 0 : 25024, 1, 2023/01/02, 19:48:39.385, 6027565517623, vstest.console.dll, TestPluginCache: TestHosts are 'HostProvider://DefaultTestHost,HostProvider://DotnetTestHost'.
TpTrace Verbose: 0 : 25024, 1, 2023/01/02, 19:48:39.385, 6027565517833, vstest.console.dll, TestPluginCache: DataCollectors are ''.
TpTrace Information: 0 : 25024, 1, 2023/01/02, 19:48:39.386, 6027565522410, vstest.console.dll, TestPluginManager.CreateTestExtension: Attempting to load test extension: Microsoft.TestPlatform.Extensions.BlameDataCollector.BlameLogger
TpTrace Information: 0 : 25024, 1, 2023/01/02, 19:48:39.391, 6027565572802, vstest.console.dll, TestPluginManager.CreateTestExtension: Attempting to load test extension: Microsoft.VisualStudio.TestPlatform.CrossPlatEngine.Hosting.DefaultTestHostManager
TpTrace Information: 0 : 25024, 1, 2023/01/02, 19:48:39.392, 6027565581518, vstest.console.dll, TestPluginManager.CreateTestExtension: Attempting to load test extension: Microsoft.VisualStudio.TestPlatform.CrossPlatEngine.Hosting.DotnetTestHostManager
TpTrace Verbose: 0 : 25024, 1, 2023/01/02, 19:48:39.392, 6027565586062, vstest.console.dll, TestEngine: Initializing Parallel Execution as MaxCpuCount is set to: 1
TpTrace Information: 0 : 25024, 1, 2023/01/02, 19:48:39.393, 6027565590054, vstest.console.dll, InferRunSettingsHelper.IsTestSettingsEnabled: Unable to navigate to RunSettings/MSTest. Current node: RunSettings
TpTrace Verbose: 0 : 25024, 1, 2023/01/02, 19:48:39.393, 6027565596998, vstest.console.dll, TestRequestSender is acting as server.
TpTrace Verbose: 0 : 25024, 1, 2023/01/02, 19:48:39.394, 6027565604092, vstest.console.dll, TestEngine.GetExecutionManager: Chosen execution manager 'Microsoft.VisualStudio.TestPlatform.CrossPlatEngine.Client.Parallel.ParallelProxyExecutionManager, Microsoft.TestPlatform.CrossPlatEngine, Version=15.0.0.0, Culture=neutral, PublicKeyToken=b03f5f7f11d50a3a' ParallelLevel '1' Shared host 'False'
TpTrace Verbose: 0 : 25024, 5, 2023/01/02, 19:48:39.396, 6027565623617, vstest.console.dll, DataCollectionRequestSender.InitializeCommunication : Initialize communication. 
TpTrace Information: 0 : 25024, 5, 2023/01/02, 19:48:39.398, 6027565646999, vstest.console.dll, Listening on Endpoint : 127.0.0.1:49209
TpTrace Verbose: 0 : 25024, 5, 2023/01/02, 19:48:39.404, 6027565702498, vstest.console.dll, DotnetDataCollectionLauncher: Full path of dotnet.exe is C:\Program Files\dotnet\dotnet.exe
TpTrace Verbose: 0 : 25024, 5, 2023/01/02, 19:48:39.404, 6027565703785, vstest.console.dll, DotnetDataCollectionLauncher: Adding  --runtimeconfig "C:\Program Files\dotnet\sdk\7.0.100-preview.3.22179.4\datacollector.runtimeconfig.json" in args
TpTrace Verbose: 0 : 25024, 5, 2023/01/02, 19:48:39.404, 6027565704381, vstest.console.dll, DotnetDataCollectionLauncher: Adding  --depsfile "C:\Program Files\dotnet\sdk\7.0.100-preview.3.22179.4\datacollector.deps.json" in args
TpTrace Information: 0 : 25024, 5, 2023/01/02, 19:48:39.409, 6027565750420, vstest.console.dll, ProxyDataCollectionManager.Initialize: Launched datacollector processId: 19604 port: 49209
TpTrace Information: 0 : 25024, 5, 2023/01/02, 19:48:39.409, 6027565751492, vstest.console.dll, ProxyDataCollectionManager.Initialize: waiting for connection with timeout: 90 seconds
TpTrace Verbose: 0 : 25024, 5, 2023/01/02, 19:48:39.409, 6027565751891, vstest.console.dll, DataCollectionRequestSender.WaitForRequestHandlerConnection : Waiting for connection with timeout: 90000
TpTrace Information: 0 : 25024, 7, 2023/01/02, 19:48:39.505, 6027566715731, vstest.console.dll, Using the buffer size of 16384 bytes
TpTrace Verbose: 0 : 25024, 5, 2023/01/02, 19:48:39.505, 6027566716214, vstest.console.dll, SocketCommunicationManager.WaitForClientConnection took: 96 ms, with 90000 ms timeout, and finished with True.
TpTrace Information: 0 : 25024, 7, 2023/01/02, 19:48:39.505, 6027566716448, vstest.console.dll, Accepted Client request and set the flag
TpTrace Verbose: 0 : 25024, 5, 2023/01/02, 19:48:39.505, 6027566717268, vstest.console.dll, ProxyDataCollectionManager.InvokeDataCollectionServiceAction: Starting.
TpTrace Information: 0 : 25024, 5, 2023/01/02, 19:48:39.505, 6027566717854, vstest.console.dll, ProxyDataCollectionManager.BeforeTestRunStart: Get environment variable and port for datacollector processId: 19604 port: 49209
TpTrace Verbose: 0 : 25024, 5, 2023/01/02, 19:48:39.505, 6027566718603, vstest.console.dll, DataCollectionRequestSender.SendBeforeTestRunStartAndGetResult: Send BeforeTestRunStart message with settingsXml <RunSettings><RunConfiguration><ResultsDirectory>F:\Projetos ASP.NET\Repositorio Tutoriais\xgame-api\Simple API\SimpleApi.Test\bin\Debug\net6.0\fine-code-coverage\coverage-tool-output</ResultsDirectory><TargetPlatform>X64</TargetPlatform><TargetFrameworkVersion>.NETCoreApp,Version=v6.0</TargetFrameworkVersion><DesignMode>False</DesignMode><CollectSourceInformation>False</CollectSourceInformation><TestAdaptersPaths>C:\Program Files\dotnet\sdk\7.0.100-preview.3.22179.4\Extensions</TestAdaptersPaths></RunConfiguration><LoggerRunSettings><Loggers><Logger friendlyName="blame" enabled="True" /><Logger friendlyName="Console" uri="logger://microsoft/TestPlatform/ConsoleLogger/v1" assemblyQualifiedName="Microsoft.VisualStudio.TestPlatform.CommandLine.Internal.ConsoleLogger, vstest.console, Version=15.0.0.0, Culture=neutral, PublicKeyToken=b03f5f7f11d50a3a" codeBase="C:\Program Files\dotnet\sdk\7.0.100-preview.3.22179.4\vstest.console.dll" enabled="True" /></Loggers></LoggerRunSettings><DataCollectionRunSettings><DataCollectors><DataCollector friendlyName="blame" enabled="True"><Configuration><ResultsDirectory>F:\Projetos ASP.NET\Repositorio Tutoriais\xgame-api\Simple API\SimpleApi.Test\bin\Debug\net6.0\fine-code-coverage\coverage-tool-output</ResultsDirectory></Configuration></DataCollector></DataCollectors></DataCollectionRunSettings></RunSettings> and sources System.Linq.Enumerable+Concat2Iterator`1[System.String]: 
TpTrace Verbose: 0 : 25024, 5, 2023/01/02, 19:48:39.559, 6027567258087, vstest.console.dll, DataCollectionRequestSender.SendBeforeTestRunStartAndGetResult: Received message: (DataCollection.SendMessage) -> {
  "FriendlyName": null,
  "Uri": null,
  "TestCaseId": "00000000-0000-0000-0000-000000000000",
  "Message": "Logging DataCollector Diagnostics in file: F:\\Projetos ASP.NET\\Repositorio Tutoriais\\xgame-api\\Simple API\\SimpleApi.Test\\bin\\Debug\\net6.0\\fine-code-coverage\\coverage-tool-output\\diagnostics.datacollector.23-01-02_19-48-39_40406_5.log",
  "Level": 0
}
TpTrace Verbose: 0 : 25024, 5, 2023/01/02, 19:48:39.617, 6027567837733, vstest.console.dll, DataCollectionRequestSender.SendBeforeTestRunStartAndGetResult: Received message: (DataCollection.BeforeTestRunStartResult) -> {
  "EnvironmentVariables": {},
  "DataCollectionEventsPort": 49211
}
TpTrace Information: 0 : 25024, 5, 2023/01/02, 19:48:39.621, 6027567878200, vstest.console.dll, ProxyDataCollectionManager.BeforeTestRunStart: SendBeforeTestRunStartAndGetResult successful, env variable from datacollector:   and testhost port: 49211
TpTrace Information: 0 : 25024, 5, 2023/01/02, 19:48:39.621, 6027567878894, vstest.console.dll, ProxyDataCollectionManager.InvokeDataCollectionServiceAction: Completed.
TpTrace Verbose: 0 : 25024, 1, 2023/01/02, 19:48:39.622, 6027567880037, vstest.console.dll, TestRunRequest.ExecuteAsync: Creating test run request.
TpTrace Verbose: 0 : 25024, 1, 2023/01/02, 19:48:39.622, 6027567881985, vstest.console.dll, TestRunRequest.ExecuteAsync: Starting.
TpTrace Information: 0 : 25024, 1, 2023/01/02, 19:48:39.622, 6027567884346, vstest.console.dll, TestRunRequest.ExecuteAsync: Starting run with settings:TestRunCriteria:
   KeepAlive=False,FrequencyOfRunStatsChangeEvent=10,RunStatsChangeEventTimeout=00:00:01.5000000,TestCaseFilter=,TestExecutorLauncher=
   Settingsxml=<RunSettings>
  <RunConfiguration>
    <ResultsDirectory>F:\Projetos ASP.NET\Repositorio Tutoriais\xgame-api\Simple API\SimpleApi.Test\bin\Debug\net6.0\fine-code-coverage\coverage-tool-output</ResultsDirectory>
    <TargetPlatform>X64</TargetPlatform>
    <TargetFrameworkVersion>.NETCoreApp,Version=v6.0</TargetFrameworkVersion>
    <DesignMode>False</DesignMode>
    <CollectSourceInformation>False</CollectSourceInformation>
  </RunConfiguration>
  <LoggerRunSettings>
    <Loggers>
      <Logger friendlyName="blame" enabled="True" />
      <Logger friendlyName="Console" uri="logger://microsoft/TestPlatform/ConsoleLogger/v1" assemblyQualifiedName="Microsoft.VisualStudio.TestPlatform.CommandLine.Internal.ConsoleLogger, vstest.console, Version=15.0.0.0, Culture=neutral, PublicKeyToken=b03f5f7f11d50a3a" codeBase="C:\Program Files\dotnet\sdk\7.0.100-preview.3.22179.4\vstest.console.dll" enabled="True" />
    </Loggers>
  </LoggerRunSettings>
  <DataCollectionRunSettings>
    <DataCollectors>
      <DataCollector friendlyName="blame" enabled="True">
        <Configuration>
          <ResultsDirectory>F:\Projetos ASP.NET\Repositorio Tutoriais\xgame-api\Simple API\SimpleApi.Test\bin\Debug\net6.0\fine-code-coverage\coverage-tool-output</ResultsDirectory>
        </Configuration>
      </DataCollector>
    </DataCollectors>
  </DataCollectionRunSettings>
</RunSettings>

TpTrace Verbose: 0 : 25024, 1, 2023/01/02, 19:48:39.622, 6027567884732, vstest.console.dll, TestRunRequest.ExecuteAsync: Wait for the first run request is over.
TpTrace Verbose: 0 : 25024, 1, 2023/01/02, 19:48:39.622, 6027567886815, vstest.console.dll, MulticastDelegateUtilities.SafeInvoke: TestRun.TestRunStart: Invoking callbacks was skipped because there are no subscribers.
TpTrace Verbose: 0 : 25024, 1, 2023/01/02, 19:48:39.622, 6027567888400, vstest.console.dll, ParallelProxyExecutionManager: Start execution. Total sources: 1
TpTrace Verbose: 0 : 25024, 4, 2023/01/02, 19:48:39.622, 6027567888882, vstest.console.dll, MulticastDelegateUtilities.SafeInvoke: InternalTestLoggerEvents.SendTestRunStart: Invoking callback 1/1 for Microsoft.VisualStudio.TestPlatform.CommandLine.Internal.ConsoleLogger.TestRunStartHandler, took 0 ms.
TpTrace Information: 0 : 25024, 1, 2023/01/02, 19:48:39.623, 6027567893035, vstest.console.dll, ProxyParallelExecutionManager: Triggering test run for next source: F:\Projetos ASP.NET\Repositorio Tutoriais\xgame-api\Simple API\SimpleApi.Test\bin\Debug\net6.0\fine-code-coverage\build-output\SimpleApi.Test.dll
TpTrace Verbose: 0 : 25024, 5, 2023/01/02, 19:48:39.623, 6027567894111, vstest.console.dll, ParallelProxyExecutionManager: Execution started. Started clients: 1
TpTrace Verbose: 0 : 25024, 1, 2023/01/02, 19:48:39.623, 6027567894386, vstest.console.dll, ProxyParallelExecutionManager: No sources available for execution.
TpTrace Information: 0 : 25024, 1, 2023/01/02, 19:48:39.623, 6027567894725, vstest.console.dll, TestRunRequest.ExecuteAsync: Started.
TpTrace Verbose: 0 : 25024, 1, 2023/01/02, 19:48:39.623, 6027567895218, vstest.console.dll, TestRunRequest.WaitForCompletion: Waiting with timeout -1.
TpTrace Verbose: 0 : 25024, 5, 2023/01/02, 19:48:39.623, 6027567896422, vstest.console.dll, TestRunRequest:SendTestRunMessage: Starting.
TpTrace Verbose: 0 : 25024, 5, 2023/01/02, 19:48:39.623, 6027567897430, vstest.console.dll, MulticastDelegateUtilities.SafeInvoke: TestRun.LogMessages: Invoking callback 1/1 for Microsoft.VisualStudio.TestPlatform.CommandLine.TestRunResultAggregator.TestRunMessageHandler, took 0 ms.
TpTrace Verbose: 0 : 25024, 4, 2023/01/02, 19:48:39.623, 6027567897460, vstest.console.dll, MulticastDelegateUtilities.SafeInvoke: InternalTestLoggerEvents.SendTestRunMessage: Invoking callback 1/1 for Microsoft.VisualStudio.TestPlatform.CommandLine.Internal.ConsoleLogger.TestMessageHandler, took 0 ms.
TpTrace Information: 0 : 25024, 5, 2023/01/02, 19:48:39.623, 6027567897720, vstest.console.dll, TestRunRequest:SendTestRunMessage: Completed.
TpTrace Verbose: 0 : 25024, 5, 2023/01/02, 19:48:39.623, 6027567899851, vstest.console.dll, ProxyExecutionManager: Test host is always Lazy initialize.
TpTrace Verbose: 0 : 25024, 5, 2023/01/02, 19:48:39.624, 6027567901382, vstest.console.dll, TestRequestSender.InitializeCommunication: initialize communication. 
TpTrace Information: 0 : 25024, 5, 2023/01/02, 19:48:39.624, 6027567904862, vstest.console.dll, SocketServer.Start: Listening on endpoint : 127.0.0.1:49212
TpTrace Verbose: 0 : 25024, 5, 2023/01/02, 19:48:39.624, 6027567909726, vstest.console.dll, DotnetTestHostmanager.GetTestHostProcessStartInfo: Platform environment 'X64' target architecture 'X64' framework '.NETCoreApp,Version=v6.0' OS 'Windows'
TpTrace Verbose: 0 : 25024, 5, 2023/01/02, 19:48:39.625, 6027567910767, vstest.console.dll, DotnetTestHostmanager: Adding  --runtimeconfig "F:\Projetos ASP.NET\Repositorio Tutoriais\xgame-api\Simple API\SimpleApi.Test\bin\Debug\net6.0\fine-code-coverage\build-output\SimpleApi.Test.runtimeconfig.json" in args
TpTrace Verbose: 0 : 25024, 5, 2023/01/02, 19:48:39.625, 6027567911177, vstest.console.dll, DotnetTestHostmanager: Adding  --depsfile "F:\Projetos ASP.NET\Repositorio Tutoriais\xgame-api\Simple API\SimpleApi.Test\bin\Debug\net6.0\fine-code-coverage\build-output\SimpleApi.Test.deps.json" in args
TpTrace Verbose: 0 : 25024, 5, 2023/01/02, 19:48:39.625, 6027567916082, vstest.console.dll, DotnetTestHostmanager.IsWinOnArm: Current PROCESSOR_ARCHITECTURE from registry 'AMD64'
TpTrace Verbose: 0 : 25024, 5, 2023/01/02, 19:48:39.625, 6027567916764, vstest.console.dll, DotnetTestHostmanager.IsWinOnArm: Is Windows on ARM 'False'
TpTrace Verbose: 0 : 25024, 5, 2023/01/02, 19:48:39.625, 6027567917205, vstest.console.dll, DotnetTestHostManager: testhost.exe found at path: F:\Projetos ASP.NET\Repositorio Tutoriais\xgame-api\Simple API\SimpleApi.Test\bin\Debug\net6.0\fine-code-coverage\build-output\testhost.exe
TpTrace Verbose: 0 : 25024, 5, 2023/01/02, 19:48:39.625, 6027567917469, vstest.console.dll, DotnetTestHostmanager: Full path of host exe is F:\Projetos ASP.NET\Repositorio Tutoriais\xgame-api\Simple API\SimpleApi.Test\bin\Debug\net6.0\fine-code-coverage\build-output\testhost.exe
TpTrace Verbose: 0 : 25024, 5, 2023/01/02, 19:48:39.625, 6027567918369, vstest.console.dll, DotnetTestHostmanager.LaunchTestHostAsync: Found 'VSTEST_WINAPPHOST_DOTNET_ROOT' in env variables, value 'C:\Program Files\dotnet', forwarding to 'DOTNET_ROOT'
TpTrace Verbose: 0 : 25024, 7, 2023/01/02, 19:48:39.626, 6027567924441, vstest.console.dll, DotnetTestHostManager: Starting process 'F:\Projetos ASP.NET\Repositorio Tutoriais\xgame-api\Simple API\SimpleApi.Test\bin\Debug\net6.0\fine-code-coverage\build-output\testhost.exe' with command line ' --runtimeconfig "F:\Projetos ASP.NET\Repositorio Tutoriais\xgame-api\Simple API\SimpleApi.Test\bin\Debug\net6.0\fine-code-coverage\build-output\SimpleApi.Test.runtimeconfig.json" --depsfile "F:\Projetos ASP.NET\Repositorio Tutoriais\xgame-api\Simple API\SimpleApi.Test\bin\Debug\net6.0\fine-code-coverage\build-output\SimpleApi.Test.deps.json" --port 49212 --endpoint 127.0.0.1:049212 --role client --parentprocessid 25024 --diag "F:\Projetos ASP.NET\Repositorio Tutoriais\xgame-api\Simple API\SimpleApi.Test\bin\Debug\net6.0\fine-code-coverage\coverage-tool-output\diagnostics.host.23-01-02_19-48-39_62475_5.log" --tracelevel 4 --datacollectionport 49211 --telemetryoptedin false'
TpTrace Verbose: 0 : 25024, 7, 2023/01/02, 19:48:39.630, 6027567960791, vstest.console.dll, MulticastDelegateUtilities.SafeInvoke: HostProviderEvents.OnHostLaunched: Invoking callback 1/2 for Microsoft.VisualStudio.TestPlatform.CrossPlatEngine.Client.ProxyExecutionManagerWithDataCollection.TestHostLaunchedHandler, took 0 ms.
TpTrace Verbose: 0 : 25024, 7, 2023/01/02, 19:48:39.630, 6027567961553, vstest.console.dll, Test Runtime launched
TpTrace Verbose: 0 : 25024, 7, 2023/01/02, 19:48:39.630, 6027567961895, vstest.console.dll, MulticastDelegateUtilities.SafeInvoke: HostProviderEvents.OnHostLaunched: Invoking callback 2/2 for Microsoft.VisualStudio.TestPlatform.CrossPlatEngine.Client.ProxyOperationManager.TestHostManagerHostLaunched, took 0 ms.
TpTrace Verbose: 0 : 25024, 5, 2023/01/02, 19:48:39.630, 6027567965738, vstest.console.dll, TestRequestSender.WaitForRequestHandlerConnection: waiting for connection with timeout: 90000.
TpTrace Verbose: 0 : 25024, 7, 2023/01/02, 19:48:39.736, 6027569029493, vstest.console.dll, MulticastDelegateUtilities.SafeInvoke: SocketServer: ClientConnected: Invoking callback 1/1 for Microsoft.VisualStudio.TestPlatform.CommunicationUtilities.TestRequestSender.<InitializeCommunication>b__23_0, took 0 ms.
TpTrace Verbose: 0 : 25024, 7, 2023/01/02, 19:48:39.737, 6027569030221, vstest.console.dll, SocketServer.OnClientConnected: Client connected for endPoint: 127.0.0.1:49212, starting MessageLoopAsync:
TpTrace Verbose: 0 : 25024, 5, 2023/01/02, 19:48:39.736, 6027569029707, vstest.console.dll, TestRequestSender.WaitForRequestHandlerConnection: waiting took 106 ms, with timeout 90000 ms, and result 0, which is success.
TpTrace Verbose: 0 : 25024, 7, 2023/01/02, 19:48:39.737, 6027569031494, vstest.console.dll, TcpClientExtensions.MessageLoopAsync: Polling on remoteEndPoint: 127.0.0.1:49213 localEndPoint: 127.0.0.1:49212
TpTrace Verbose: 0 : 25024, 5, 2023/01/02, 19:48:39.737, 6027569036307, vstest.console.dll, TestRequestSender.CheckVersionWithTestHost: Sending check version message: {"MessageType":"ProtocolVersion","Payload":6}
TpTrace Verbose: 0 : 25024, 7, 2023/01/02, 19:48:39.835, 6027570011875, vstest.console.dll, TcpClientExtensions.MessageLoopAsync: NotifyDataAvailable remoteEndPoint: 127.0.0.1:49213 localEndPoint: 127.0.0.1:49212
TpTrace Verbose: 0 : 25024, 7, 2023/01/02, 19:48:39.835, 6027570013843, vstest.console.dll, TestRequestSender.CheckVersionWithTestHost: onMessageReceived received message: (ProtocolVersion) -> 5
TpTrace Verbose: 0 : 25024, 7, 2023/01/02, 19:48:39.835, 6027570016882, vstest.console.dll, MulticastDelegateUtilities.SafeInvoke: LengthPrefixCommunicationChannel: MessageReceived: Invoking callback 1/1 for Microsoft.VisualStudio.TestPlatform.CommunicationUtilities.TestRequestSender+<>c__DisplayClass25_0.<CheckVersionWithTestHost>b__0, took 0 ms.
TpTrace Verbose: 0 : 25024, 7, 2023/01/02, 19:48:39.835, 6027570017449, vstest.console.dll, TcpClientExtensions.MessageLoopAsync: Polling on remoteEndPoint: 127.0.0.1:49213 localEndPoint: 127.0.0.1:49212
TpTrace Verbose: 0 : 25024, 5, 2023/01/02, 19:48:39.835, 6027570017809, vstest.console.dll, TestPluginCache.GetExtensionPaths: Filtered extension paths: 
TpTrace Verbose: 0 : 25024, 5, 2023/01/02, 19:48:39.835, 6027570018231, vstest.console.dll, TestPluginCache.GetExtensionPaths: Added default extension paths: C:\Program Files\dotnet\sdk\7.0.100-preview.3.22179.4\Extensions\DumpMinitool.exe
C:\Program Files\dotnet\sdk\7.0.100-preview.3.22179.4\Extensions\DumpMinitool.x86.exe
C:\Program Files\dotnet\sdk\7.0.100-preview.3.22179.4\Extensions\Microsoft.Diagnostics.NETCore.Client.dll
C:\Program Files\dotnet\sdk\7.0.100-preview.3.22179.4\Extensions\Microsoft.TestPlatform.Extensions.BlameDataCollector.dll
C:\Program Files\dotnet\sdk\7.0.100-preview.3.22179.4\Extensions\Microsoft.TestPlatform.Extensions.EventLogCollector.dll
C:\Program Files\dotnet\sdk\7.0.100-preview.3.22179.4\Extensions\Microsoft.TestPlatform.TestHostRuntimeProvider.dll
C:\Program Files\dotnet\sdk\7.0.100-preview.3.22179.4\Extensions\Microsoft.VisualStudio.TestPlatform.Extensions.Html.TestLogger.dll
C:\Program Files\dotnet\sdk\7.0.100-preview.3.22179.4\Extensions\Microsoft.VisualStudio.TestPlatform.Extensions.Trx.TestLogger.dll
TpTrace Verbose: 0 : 25024, 5, 2023/01/02, 19:48:39.835, 6027570018504, vstest.console.dll, TestPluginCache.GetExtensionPaths: Added unfilterableExtensionPaths: 
TpTrace Verbose: 0 : 25024, 5, 2023/01/02, 19:48:39.838, 6027570043742, vstest.console.dll, TestRequestSender.InitializeExecution: Sending initialize execution with message: {"Version":5,"MessageType":"TestExecution.Initialize","Payload":["F:\\Projetos ASP.NET\\Repositorio Tutoriais\\xgame-api\\Simple API\\SimpleApi.Test\\bin\\Debug\\net6.0\\fine-code-coverage\\build-output\\xunit.runner.visualstudio.dotnetcore.testadapter.dll"]}
TpTrace Warning: 0 : 25024, 5, 2023/01/02, 19:48:39.838, 6027570047012, vstest.console.dll, InferRunSettingsHelper.MakeRunsettingsCompatible: Removing the following settings: TargetPlatform from RunSettings file. To use those settings please move to latest version of Microsoft.NET.Test.Sdk
TpTrace Verbose: 0 : 25024, 7, 2023/01/02, 19:48:39.842, 6027570087231, vstest.console.dll, TcpClientExtensions.MessageLoopAsync: NotifyDataAvailable remoteEndPoint: 127.0.0.1:49213 localEndPoint: 127.0.0.1:49212
TpTrace Verbose: 0 : 25024, 7, 2023/01/02, 19:48:39.842, 6027570088392, vstest.console.dll, TestRequestSender.OnExecutionMessageReceived: Received message: {"Version":5,"MessageType":"TestSession.Message","Payload":{"MessageLevel":0,"Message":"Logging TestHost Diagnostics in file: F:\\Projetos ASP.NET\\Repositorio Tutoriais\\xgame-api\\Simple API\\SimpleApi.Test\\bin\\Debug\\net6.0\\fine-code-coverage\\coverage-tool-output\\diagnostics.host.23-01-02_19-48-39_62475_5.log"}}
TpTrace Verbose: 0 : 25024, 7, 2023/01/02, 19:48:39.844, 6027570102526, vstest.console.dll, TestRunRequest:SendTestRunMessage: Starting.
TpTrace Verbose: 0 : 25024, 7, 2023/01/02, 19:48:39.844, 6027570103577, vstest.console.dll, MulticastDelegateUtilities.SafeInvoke: TestRun.LogMessages: Invoking callback 1/1 for Microsoft.VisualStudio.TestPlatform.CommandLine.TestRunResultAggregator.TestRunMessageHandler, took 0 ms.
TpTrace Information: 0 : 25024, 7, 2023/01/02, 19:48:39.844, 6027570103831, vstest.console.dll, TestRunRequest:SendTestRunMessage: Completed.
TpTrace Verbose: 0 : 25024, 4, 2023/01/02, 19:48:39.844, 6027570103979, vstest.console.dll, MulticastDelegateUtilities.SafeInvoke: InternalTestLoggerEvents.SendTestRunMessage: Invoking callback 1/1 for Microsoft.VisualStudio.TestPlatform.CommandLine.Internal.ConsoleLogger.TestMessageHandler, took 0 ms.
TpTrace Verbose: 0 : 25024, 7, 2023/01/02, 19:48:39.844, 6027570104185, vstest.console.dll, MulticastDelegateUtilities.SafeInvoke: LengthPrefixCommunicationChannel: MessageReceived: Invoking callback 1/1 for Microsoft.VisualStudio.TestPlatform.CommunicationUtilities.TestRequestSender+<>c__DisplayClass30_0.<StartTestRun>b__1, took 1 ms.
TpTrace Verbose: 0 : 25024, 7, 2023/01/02, 19:48:39.844, 6027570105187, vstest.console.dll, TcpClientExtensions.MessageLoopAsync: Polling on remoteEndPoint: 127.0.0.1:49213 localEndPoint: 127.0.0.1:49212
TpTrace Verbose: 0 : 25024, 5, 2023/01/02, 19:48:39.845, 6027570110477, vstest.console.dll, TestRequestSender.StartTestRun: Sending test run with message: {"Version":5,"MessageType":"TestExecution.StartWithSources","Payload":{"AdapterSourceMap":{"_none_":["F:\\Projetos ASP.NET\\Repositorio Tutoriais\\xgame-api\\Simple API\\SimpleApi.Test\\bin\\Debug\\net6.0\\fine-code-coverage\\build-output\\SimpleApi.Test.dll"]},"RunSettings":"<RunSettings>\r\n  <RunConfiguration>\r\n    <ResultsDirectory>F:\\Projetos ASP.NET\\Repositorio Tutoriais\\xgame-api\\Simple API\\SimpleApi.Test\\bin\\Debug\\net6.0\\fine-code-coverage\\coverage-tool-output</ResultsDirectory>\r\n    <TargetFrameworkVersion>.NETCoreApp,Version=v6.0</TargetFrameworkVersion>\r\n    <DesignMode>False</DesignMode>\r\n    <CollectSourceInformation>False</CollectSourceInformation>\r\n  </RunConfiguration>\r\n  <LoggerRunSettings>\r\n    <Loggers>\r\n      <Logger friendlyName=\"blame\" enabled=\"True\" />\r\n      <Logger friendlyName=\"Console\" uri=\"logger://microsoft/TestPlatform/ConsoleLogger/v1\" assemblyQualifiedName=\"Microsoft.VisualStudio.TestPlatform.CommandLine.Internal.ConsoleLogger, vstest.console, Version=15.0.0.0, Culture=neutral, PublicKeyToken=b03f5f7f11d50a3a\" codeBase=\"C:\\Program Files\\dotnet\\sdk\\7.0.100-preview.3.22179.4\\vstest.console.dll\" enabled=\"True\" />\r\n    </Loggers>\r\n  </LoggerRunSettings>\r\n  <DataCollectionRunSettings>\r\n    <DataCollectors>\r\n      <DataCollector friendlyName=\"blame\" enabled=\"True\">\r\n        <Configuration>\r\n          <ResultsDirectory>F:\\Projetos ASP.NET\\Repositorio Tutoriais\\xgame-api\\Simple API\\SimpleApi.Test\\bin\\Debug\\net6.0\\fine-code-coverage\\coverage-tool-output</ResultsDirectory>\r\n        </Configuration>\r\n      </DataCollector>\r\n    </DataCollectors>\r\n  </DataCollectionRunSettings>\r\n</RunSettings>","TestExecutionContext":{"FrequencyOfRunStatsChangeEvent":10,"RunStatsChangeEventTimeout":"00:00:01.5000000","InIsolation":false,"KeepAlive":false,"AreTestCaseLevelEventsRequired":false,"IsDebug":false,"TestCaseFilter":null,"FilterOptions":null},"Package":null}}
TpTrace Verbose: 0 : 25024, 7, 2023/01/02, 19:48:39.958, 6027571245714, vstest.console.dll, TcpClientExtensions.MessageLoopAsync: NotifyDataAvailable remoteEndPoint: 127.0.0.1:49213 localEndPoint: 127.0.0.1:49212
TpTrace Verbose: 0 : 25024, 7, 2023/01/02, 19:48:39.958, 6027571246700, vstest.console.dll, TestRequestSender.OnExecutionMessageReceived: Received message: {"Version":5,"MessageType":"TestSession.Message","Payload":{"MessageLevel":0,"Message":"[xUnit.net 00:00:00.00] xUnit.net VSTest Adapter v2.4.3+1b45f5407b (64-bit .NET 6.0.5)"}}
TpTrace Verbose: 0 : 25024, 7, 2023/01/02, 19:48:39.958, 6027571248311, vstest.console.dll, TestRunRequest:SendTestRunMessage: Starting.
TpTrace Verbose: 0 : 25024, 7, 2023/01/02, 19:48:39.958, 6027571248748, vstest.console.dll, MulticastDelegateUtilities.SafeInvoke: TestRun.LogMessages: Invoking callback 1/1 for Microsoft.VisualStudio.TestPlatform.CommandLine.TestRunResultAggregator.TestRunMessageHandler, took 0 ms.
TpTrace Information: 0 : 25024, 7, 2023/01/02, 19:48:39.958, 6027571248956, vstest.console.dll, TestRunRequest:SendTestRunMessage: Completed.
TpTrace Verbose: 0 : 25024, 7, 2023/01/02, 19:48:39.958, 6027571249163, vstest.console.dll, MulticastDelegateUtilities.SafeInvoke: LengthPrefixCommunicationChannel: MessageReceived: Invoking callback 1/1 for Microsoft.VisualStudio.TestPlatform.CommunicationUtilities.TestRequestSender+<>c__DisplayClass30_0.<StartTestRun>b__1, took 0 ms.
TpTrace Verbose: 0 : 25024, 4, 2023/01/02, 19:48:39.958, 6027571249286, vstest.console.dll, MulticastDelegateUtilities.SafeInvoke: InternalTestLoggerEvents.SendTestRunMessage: Invoking callback 1/1 for Microsoft.VisualStudio.TestPlatform.CommandLine.Internal.ConsoleLogger.TestMessageHandler, took 0 ms.
TpTrace Verbose: 0 : 25024, 7, 2023/01/02, 19:48:39.958, 6027571249348, vstest.console.dll, TcpClientExtensions.MessageLoopAsync: Polling on remoteEndPoint: 127.0.0.1:49213 localEndPoint: 127.0.0.1:49212
TpTrace Verbose: 0 : 25024, 7, 2023/01/02, 19:48:40.494, 6027576609616, vstest.console.dll, TcpClientExtensions.MessageLoopAsync: NotifyDataAvailable remoteEndPoint: 127.0.0.1:49213 localEndPoint: 127.0.0.1:49212
TpTrace Verbose: 0 : 25024, 7, 2023/01/02, 19:48:40.495, 6027576610732, vstest.console.dll, TestRequestSender.OnExecutionMessageReceived: Received message: {"Version":5,"MessageType":"TestSession.Message","Payload":{"MessageLevel":0,"Message":"[xUnit.net 00:00:00.54]   Discovering: SimpleApi.Test"}}
TpTrace Verbose: 0 : 25024, 7, 2023/01/02, 19:48:40.495, 6027576612440, vstest.console.dll, TestRunRequest:SendTestRunMessage: Starting.
TpTrace Verbose: 0 : 25024, 7, 2023/01/02, 19:48:40.495, 6027576612932, vstest.console.dll, MulticastDelegateUtilities.SafeInvoke: TestRun.LogMessages: Invoking callback 1/1 for Microsoft.VisualStudio.TestPlatform.CommandLine.TestRunResultAggregator.TestRunMessageHandler, took 0 ms.
TpTrace Information: 0 : 25024, 7, 2023/01/02, 19:48:40.495, 6027576613172, vstest.console.dll, TestRunRequest:SendTestRunMessage: Completed.
TpTrace Verbose: 0 : 25024, 4, 2023/01/02, 19:48:40.495, 6027576613113, vstest.console.dll, MulticastDelegateUtilities.SafeInvoke: InternalTestLoggerEvents.SendTestRunMessage: Invoking callback 1/1 for Microsoft.VisualStudio.TestPlatform.CommandLine.Internal.ConsoleLogger.TestMessageHandler, took 0 ms.
TpTrace Verbose: 0 : 25024, 7, 2023/01/02, 19:48:40.495, 6027576613403, vstest.console.dll, MulticastDelegateUtilities.SafeInvoke: LengthPrefixCommunicationChannel: MessageReceived: Invoking callback 1/1 for Microsoft.VisualStudio.TestPlatform.CommunicationUtilities.TestRequestSender+<>c__DisplayClass30_0.<StartTestRun>b__1, took 0 ms.
TpTrace Verbose: 0 : 25024, 7, 2023/01/02, 19:48:40.495, 6027576614497, vstest.console.dll, TcpClientExtensions.MessageLoopAsync: Polling on remoteEndPoint: 127.0.0.1:49213 localEndPoint: 127.0.0.1:49212
TpTrace Verbose: 0 : 25024, 7, 2023/01/02, 19:48:40.532, 6027576986060, vstest.console.dll, TcpClientExtensions.MessageLoopAsync: NotifyDataAvailable remoteEndPoint: 127.0.0.1:49213 localEndPoint: 127.0.0.1:49212
TpTrace Verbose: 0 : 25024, 7, 2023/01/02, 19:48:40.532, 6027576987161, vstest.console.dll, TestRequestSender.OnExecutionMessageReceived: Received message: {"Version":5,"MessageType":"TestSession.Message","Payload":{"MessageLevel":0,"Message":"[xUnit.net 00:00:00.57]   Discovered:  SimpleApi.Test"}}
TpTrace Verbose: 0 : 25024, 7, 2023/01/02, 19:48:40.532, 6027576988896, vstest.console.dll, TestRunRequest:SendTestRunMessage: Starting.
TpTrace Verbose: 0 : 25024, 7, 2023/01/02, 19:48:40.532, 6027576989418, vstest.console.dll, MulticastDelegateUtilities.SafeInvoke: TestRun.LogMessages: Invoking callback 1/1 for Microsoft.VisualStudio.TestPlatform.CommandLine.TestRunResultAggregator.TestRunMessageHandler, took 0 ms.
TpTrace Verbose: 0 : 25024, 4, 2023/01/02, 19:48:40.532, 6027576989599, vstest.console.dll, MulticastDelegateUtilities.SafeInvoke: InternalTestLoggerEvents.SendTestRunMessage: Invoking callback 1/1 for Microsoft.VisualStudio.TestPlatform.CommandLine.Internal.ConsoleLogger.TestMessageHandler, took 0 ms.
TpTrace Information: 0 : 25024, 7, 2023/01/02, 19:48:40.533, 6027576990329, vstest.console.dll, TestRunRequest:SendTestRunMessage: Completed.
TpTrace Verbose: 0 : 25024, 7, 2023/01/02, 19:48:40.533, 6027576991389, vstest.console.dll, MulticastDelegateUtilities.SafeInvoke: LengthPrefixCommunicationChannel: MessageReceived: Invoking callback 1/1 for Microsoft.VisualStudio.TestPlatform.CommunicationUtilities.TestRequestSender+<>c__DisplayClass30_0.<StartTestRun>b__1, took 0 ms.
TpTrace Verbose: 0 : 25024, 7, 2023/01/02, 19:48:40.533, 6027576991744, vstest.console.dll, TcpClientExtensions.MessageLoopAsync: Polling on remoteEndPoint: 127.0.0.1:49213 localEndPoint: 127.0.0.1:49212
TpTrace Verbose: 0 : 25024, 7, 2023/01/02, 19:48:40.534, 6027577002059, vstest.console.dll, TcpClientExtensions.MessageLoopAsync: NotifyDataAvailable remoteEndPoint: 127.0.0.1:49213 localEndPoint: 127.0.0.1:49212
TpTrace Verbose: 0 : 25024, 7, 2023/01/02, 19:48:40.534, 6027577002911, vstest.console.dll, TestRequestSender.OnExecutionMessageReceived: Received message: {"Version":5,"MessageType":"TestSession.Message","Payload":{"MessageLevel":0,"Message":"[xUnit.net 00:00:00.58]   Starting:    SimpleApi.Test"}}
TpTrace Verbose: 0 : 25024, 7, 2023/01/02, 19:48:40.534, 6027577004303, vstest.console.dll, TestRunRequest:SendTestRunMessage: Starting.
TpTrace Verbose: 0 : 25024, 7, 2023/01/02, 19:48:40.534, 6027577004748, vstest.console.dll, MulticastDelegateUtilities.SafeInvoke: TestRun.LogMessages: Invoking callback 1/1 for Microsoft.VisualStudio.TestPlatform.CommandLine.TestRunResultAggregator.TestRunMessageHandler, took 0 ms.
TpTrace Verbose: 0 : 25024, 4, 2023/01/02, 19:48:40.534, 6027577004893, vstest.console.dll, MulticastDelegateUtilities.SafeInvoke: InternalTestLoggerEvents.SendTestRunMessage: Invoking callback 1/1 for Microsoft.VisualStudio.TestPlatform.CommandLine.Internal.ConsoleLogger.TestMessageHandler, took 0 ms.
TpTrace Information: 0 : 25024, 7, 2023/01/02, 19:48:40.534, 6027577004962, vstest.console.dll, TestRunRequest:SendTestRunMessage: Completed.
TpTrace Verbose: 0 : 25024, 7, 2023/01/02, 19:48:40.534, 6027577006032, vstest.console.dll, MulticastDelegateUtilities.SafeInvoke: LengthPrefixCommunicationChannel: MessageReceived: Invoking callback 1/1 for Microsoft.VisualStudio.TestPlatform.CommunicationUtilities.TestRequestSender+<>c__DisplayClass30_0.<StartTestRun>b__1, took 0 ms.
TpTrace Verbose: 0 : 25024, 7, 2023/01/02, 19:48:40.534, 6027577006315, vstest.console.dll, TcpClientExtensions.MessageLoopAsync: Polling on remoteEndPoint: 127.0.0.1:49213 localEndPoint: 127.0.0.1:49212
TpTrace Verbose: 0 : 25024, 7, 2023/01/02, 19:48:40.649, 6027578159948, vstest.console.dll, TcpClientExtensions.MessageLoopAsync: NotifyDataAvailable remoteEndPoint: 127.0.0.1:49213 localEndPoint: 127.0.0.1:49212
TpTrace Verbose: 0 : 25024, 7, 2023/01/02, 19:48:40.650, 6027578160900, vstest.console.dll, TestRequestSender.OnExecutionMessageReceived: Received message: {"Version":5,"MessageType":"TestSession.Message","Payload":{"MessageLevel":0,"Message":"[xUnit.net 00:00:00.69]   Finished:    SimpleApi.Test"}}
TpTrace Verbose: 0 : 25024, 7, 2023/01/02, 19:48:40.650, 6027578162355, vstest.console.dll, TestRunRequest:SendTestRunMessage: Starting.
TpTrace Verbose: 0 : 25024, 7, 2023/01/02, 19:48:40.650, 6027578162858, vstest.console.dll, MulticastDelegateUtilities.SafeInvoke: TestRun.LogMessages: Invoking callback 1/1 for Microsoft.VisualStudio.TestPlatform.CommandLine.TestRunResultAggregator.TestRunMessageHandler, took 0 ms.
TpTrace Information: 0 : 25024, 7, 2023/01/02, 19:48:40.650, 6027578163079, vstest.console.dll, TestRunRequest:SendTestRunMessage: Completed.
TpTrace Verbose: 0 : 25024, 7, 2023/01/02, 19:48:40.650, 6027578163332, vstest.console.dll, MulticastDelegateUtilities.SafeInvoke: LengthPrefixCommunicationChannel: MessageReceived: Invoking callback 1/1 for Microsoft.VisualStudio.TestPlatform.CommunicationUtilities.TestRequestSender+<>c__DisplayClass30_0.<StartTestRun>b__1, took 0 ms.
TpTrace Verbose: 0 : 25024, 7, 2023/01/02, 19:48:40.650, 6027578163727, vstest.console.dll, TcpClientExtensions.MessageLoopAsync: Polling on remoteEndPoint: 127.0.0.1:49213 localEndPoint: 127.0.0.1:49212
TpTrace Verbose: 0 : 25024, 4, 2023/01/02, 19:48:40.650, 6027578163331, vstest.console.dll, MulticastDelegateUtilities.SafeInvoke: InternalTestLoggerEvents.SendTestRunMessage: Invoking callback 1/1 for Microsoft.VisualStudio.TestPlatform.CommandLine.Internal.ConsoleLogger.TestMessageHandler, took 0 ms.
TpTrace Verbose: 0 : 25024, 7, 2023/01/02, 19:48:40.678, 6027578447074, vstest.console.dll, TcpClientExtensions.MessageLoopAsync: NotifyDataAvailable remoteEndPoint: 127.0.0.1:49213 localEndPoint: 127.0.0.1:49212
TpTrace Verbose: 0 : 25024, 7, 2023/01/02, 19:48:40.678, 6027578448330, vstest.console.dll, TestRequestSender.OnExecutionMessageReceived: Received message: {"Version":5,"MessageType":"TestExecution.Completed","Payload":{"TestRunCompleteArgs":{"TestRunStatistics":{"ExecutedTests":3,"Stats":{"Passed":3}},"IsCanceled":false,"IsAborted":false,"Error":null,"AttachmentSets":[],"ElapsedTimeInRunningTests":"00:00:00.7039821","Metrics":{}},"LastRunTests":{"NewTestResults":[{"TestCase":{"Id":"f6e14e39-62be-f5a7-3649-daab397dcb0b","FullyQualifiedName":"SimpleApi.Test.ProdutoTest.Cadastrar_Produto_DeveSerInvalidoValido_DeveRetornarErro","DisplayName":"Cadastrar Produto deve ser valido","ExecutorUri":"executor://xunit/VsTestRunner2/netcoreapp","Source":"F:\\Projetos ASP.NET\\Repositorio Tutoriais\\xgame-api\\Simple API\\SimpleApi.Test\\bin\\Debug\\net6.0\\fine-code-coverage\\build-output\\SimpleApi.Test.dll","CodeFilePath":null,"LineNumber":0,"Properties":[]},"Attachments":[],"Outcome":1,"ErrorMessage":null,"ErrorStackTrace":null,"DisplayName":"Cadastrar Produto deve ser valido","Messages":[],"ComputerName":"DESKTOP-I8JNLH9","Duration":"00:00:00.0549258","StartTime":"2023-01-02T22:48:40.6337776+00:00","EndTime":"2023-01-02T22:48:40.6337976+00:00","Properties":[]},{"TestCase":{"Id":"21173c64-b0ca-3aa2-a6bb-d8d430d9411c","FullyQualifiedName":"SimpleApi.Test.ProdutoTest.Cadastrar_Produto_DeveSerValido_DeveRetornarErro","DisplayName":"Cadastrar Produto deve ser valido","ExecutorUri":"executor://xunit/VsTestRunner2/netcoreapp","Source":"F:\\Projetos ASP.NET\\Repositorio Tutoriais\\xgame-api\\Simple API\\SimpleApi.Test\\bin\\Debug\\net6.0\\fine-code-coverage\\build-output\\SimpleApi.Test.dll","CodeFilePath":null,"LineNumber":0,"Properties":[]},"Attachments":[],"Outcome":1,"ErrorMessage":null,"ErrorStackTrace":null,"DisplayName":"Cadastrar Produto deve ser valido","Messages":[],"ComputerName":"DESKTOP-I8JNLH9","Duration":"00:00:00.0006579","StartTime":"2023-01-02T22:48:40.6472186+00:00","EndTime":"2023-01-02T22:48:40.6472187+00:00","Properties":[]},{"TestCase":{"Id":"a587bd2a-0479-d5b3-57c3-68f38a3dfd3e","FullyQualifiedName":"SimpleApi.Test.ProdutoTest.Cadastrar_Produto_NaoPodeTerValorZero_DeveRetornarErro","DisplayName":"Cadastrar Produto(valor: 0)","ExecutorUri":"executor://xunit/VsTestRunner2/netcoreapp","Source":"F:\\Projetos ASP.NET\\Repositorio Tutoriais\\xgame-api\\Simple API\\SimpleApi.Test\\bin\\Debug\\net6.0\\fine-code-coverage\\build-output\\SimpleApi.Test.dll","CodeFilePath":null,"LineNumber":0,"Properties":[]},"Attachments":[],"Outcome":1,"ErrorMessage":null,"ErrorStackTrace":null,"DisplayName":"Cadastrar Produto(valor: 0)","Messages":[],"ComputerName":"DESKTOP-I8JNLH9","Duration":"00:00:00.0003311","StartTime":"2023-01-02T22:48:40.6485529+00:00","EndTime":"2023-01-02T22:48:40.648553+00:00","Properties":[]}],"TestRunStatistics":{"ExecutedTests":3,"Stats":{"Passed":3}},"ActiveTests":[]},"RunAttachments":[],"ExecutorUris":["executor://xunit/VsTestRunner2/netcoreapp"]}}
TpTrace Verbose: 0 : 25024, 7, 2023/01/02, 19:48:40.679, 6027578458209, vstest.console.dll, TestRequestSender.EndSession: Sending end session.
TpTrace Verbose: 0 : 25024, 7, 2023/01/02, 19:48:40.679, 6027578459174, vstest.console.dll, ProxyOperationManager.Close: waiting for test host to exit for 100 ms
TpTrace Warning: 0 : 25024, 12, 2023/01/02, 19:48:40.692, 6027578581291, vstest.console.dll, TestHostManagerCallbacks.ErrorReceivedCallback Test host standard error line: 
TpTrace Verbose: 0 : 25024, 12, 2023/01/02, 19:48:40.702, 6027578681399, vstest.console.dll, TestHostProvider.ExitCallBack: Host exited starting callback.
TpTrace Information: 0 : 25024, 12, 2023/01/02, 19:48:40.702, 6027578682398, vstest.console.dll, TestHostManagerCallbacks.ExitCallBack: Testhost processId: 8256 exited with exitcode: 0 error: ''
TpTrace Verbose: 0 : 25024, 12, 2023/01/02, 19:48:40.702, 6027578682720, vstest.console.dll, DotnetTestHostManager.OnHostExited: invoking OnHostExited callback
TpTrace Verbose: 0 : 25024, 12, 2023/01/02, 19:48:40.702, 6027578683042, vstest.console.dll, CrossPlatEngine.TestHostManagerHostExited: calling on client process exit callback.
TpTrace Information: 0 : 25024, 12, 2023/01/02, 19:48:40.702, 6027578683377, vstest.console.dll, TestRequestSender.OnClientProcessExit: Test host process exited. Standard error: 
TpTrace Information: 0 : 25024, 12, 2023/01/02, 19:48:40.702, 6027578683631, vstest.console.dll, SocketServer.Stop: Stop server endPoint: 127.0.0.1:49212
TpTrace Information: 0 : 25024, 12, 2023/01/02, 19:48:40.702, 6027578683790, vstest.console.dll, SocketServer.Stop: Cancellation requested. Stopping message loop.
TpTrace Information: 0 : 25024, 7, 2023/01/02, 19:48:40.702, 6027578683903, vstest.console.dll, SocketServer.Stop: Stop server endPoint: 127.0.0.1:49212
TpTrace Information: 0 : 25024, 7, 2023/01/02, 19:48:40.702, 6027578684293, vstest.console.dll, SocketServer.Stop: Cancellation requested. Stopping message loop.
TpTrace Information: 0 : 25024, 7, 2023/01/02, 19:48:40.702, 6027578684562, vstest.console.dll, Closing the connection
TpTrace Verbose: 0 : 25024, 12, 2023/01/02, 19:48:40.702, 6027578684541, vstest.console.dll, MulticastDelegateUtilities.SafeInvoke: HostProviderEvents.OnHostExited: Invoking callback 1/1 for Microsoft.VisualStudio.TestPlatform.CrossPlatEngine.Client.ProxyOperationManager.TestHostManagerHostExited, took 0 ms.
TpTrace Verbose: 0 : 25024, 7, 2023/01/02, 19:48:40.702, 6027578687120, vstest.console.dll, ProxyDataCollectionManager.InvokeDataCollectionServiceAction: Starting.
TpTrace Information: 0 : 25024, 7, 2023/01/02, 19:48:40.702, 6027578687470, vstest.console.dll, ProxyDataCollectionManager.AfterTestRunEnd: Get attachment set and invoked data collectors processId: 19604 port: 49209
TpTrace Verbose: 0 : 25024, 7, 2023/01/02, 19:48:40.702, 6027578687821, vstest.console.dll, DataCollectionRequestSender.SendAfterTestRunStartAndGetResult: Send AfterTestRunEnd message with isCancelled: False
TpTrace Verbose: 0 : 25024, 7, 2023/01/02, 19:48:40.707, 6027578739776, vstest.console.dll, DataCollectionRequestSender.SendAfterTestRunStartAndGetResult: Received message: (DataCollection.AfterTestRunEndResult) -> {
  "AttachmentSets": [],
  "InvokedDataCollectors": [
    {
      "Uri": "datacollector://Microsoft/TestPlatform/Extensions/Blame/v1",
      "FriendlyName": "Blame",
      "AssemblyQualifiedName": "Microsoft.TestPlatform.Extensions.BlameDataCollector.BlameCollector, Microsoft.TestPlatform.Extensions.BlameDataCollector, Version=15.0.0.0, Culture=neutral, PublicKeyToken=b03f5f7f11d50a3a",
      "FilePath": "C:\\Program Files\\dotnet\\sdk\\7.0.100-preview.3.22179.4\\Extensions\\Microsoft.TestPlatform.Extensions.BlameDataCollector.dll",
      "HasAttachmentProcessor": false
    }
  ],
  "Metrics": {}
}
TpTrace Warning: 0 : 25024, 10, 2023/01/02, 19:48:40.710, 6027578766445, vstest.console.dll, DataCollectionLauncher.ErrorReceivedCallback datacollector standard error line: 
TpTrace Information: 0 : 25024, 7, 2023/01/02, 19:48:40.712, 6027578787735, vstest.console.dll, ProxyDataCollectionManager.InvokeDataCollectionServiceAction: Completed.
TpTrace Information: 0 : 25024, 12, 2023/01/02, 19:48:40.713, 6027578796343, vstest.console.dll, DataCollectionLauncher.ExitCallBack: Data collector exited with exitcode: 0 error: ''
TpTrace Verbose: 0 : 25024, 7, 2023/01/02, 19:48:40.753, 6027579197444, vstest.console.dll, TestRunRequest:SendTestRunStatsChange: Starting.
TpTrace Verbose: 0 : 25024, 7, 2023/01/02, 19:48:40.753, 6027579199134, vstest.console.dll, MulticastDelegateUtilities.SafeInvoke: TestRun.RunStatsChanged: Invoking callbacks was skipped because there are no subscribers.
TpTrace Information: 0 : 25024, 7, 2023/01/02, 19:48:40.753, 6027579199415, vstest.console.dll, TestRunRequest:SendTestRunStatsChange: Completed.
TpTrace Verbose: 0 : 25024, 7, 2023/01/02, 19:48:40.754, 6027579200551, vstest.console.dll, ParallelProxyExecutionManager: HandlePartialRunComplete: Total completed clients = 1, Run complete = True, Run canceled: False.
TpTrace Verbose: 0 : 25024, 4, 2023/01/02, 19:48:40.755, 6027579216604, vstest.console.dll, MulticastDelegateUtilities.SafeInvoke: InternalTestLoggerEvents.SendTestResult: Invoking callback 1/1 for Microsoft.VisualStudio.TestPlatform.CommandLine.Internal.ConsoleLogger.TestResultHandler, took 1 ms.
TpTrace Verbose: 0 : 25024, 4, 2023/01/02, 19:48:40.755, 6027579217343, vstest.console.dll, MulticastDelegateUtilities.SafeInvoke: InternalTestLoggerEvents.SendTestResult: Invoking callback 1/1 for Microsoft.VisualStudio.TestPlatform.CommandLine.Internal.ConsoleLogger.TestResultHandler, took 0 ms.
TpTrace Verbose: 0 : 25024, 4, 2023/01/02, 19:48:40.755, 6027579217735, vstest.console.dll, MulticastDelegateUtilities.SafeInvoke: InternalTestLoggerEvents.SendTestResult: Invoking callback 1/1 for Microsoft.VisualStudio.TestPlatform.CommandLine.Internal.ConsoleLogger.TestResultHandler, took 0 ms.
TpTrace Verbose: 0 : 25024, 4, 2023/01/02, 19:48:40.761, 6027579272983, vstest.console.dll, MulticastDelegateUtilities.SafeInvoke: InternalTestLoggerEvents.SendTestRunComplete: Invoking callback 1/2 for Microsoft.TestPlatform.Extensions.BlameDataCollector.BlameLogger.TestRunCompleteHandler, took 0 ms.
TpTrace Verbose: 0 : 25024, 4, 2023/01/02, 19:48:40.765, 6027579318246, vstest.console.dll, MulticastDelegateUtilities.SafeInvoke: InternalTestLoggerEvents.SendTestRunComplete: Invoking callback 2/2 for Microsoft.VisualStudio.TestPlatform.CommandLine.Internal.ConsoleLogger.TestRunCompleteHandler, took 4 ms.
TpTrace Verbose: 0 : 25024, 7, 2023/01/02, 19:48:40.766, 6027579321397, vstest.console.dll, TestRunRequest:TestRunComplete: Starting. IsAborted:False IsCanceled:False.
TpTrace Verbose: 0 : 25024, 7, 2023/01/02, 19:48:40.766, 6027579322383, vstest.console.dll, TestLoggerManager.HandleTestRunComplete: Ignoring as the object is disposed.
TpTrace Verbose: 0 : 25024, 7, 2023/01/02, 19:48:40.766, 6027579323826, vstest.console.dll, MulticastDelegateUtilities.SafeInvoke: TestRun.TestRunComplete: Invoking callback 1/2 for Microsoft.VisualStudio.TestPlatform.CommandLine.TestRunResultAggregator.TestRunCompletionHandler, took 0 ms.
TpTrace Verbose: 0 : 25024, 7, 2023/01/02, 19:48:40.766, 6027579324736, vstest.console.dll, MulticastDelegateUtilities.SafeInvoke: TestRun.TestRunComplete: Invoking callback 2/2 for Microsoft.VisualStudio.TestPlatform.CommandLine.Processors.RunTestsArgumentExecutor+TestRunRequestEventsRegistrar.TestRunRequest_OnRunCompletion, took 0 ms.
TpTrace Information: 0 : 25024, 7, 2023/01/02, 19:48:40.766, 6027579325389, vstest.console.dll, TestRunRequest:TestRunComplete: Completed.
TpTrace Verbose: 0 : 25024, 7, 2023/01/02, 19:48:40.766, 6027579325659, vstest.console.dll, TestRequestSender.SetOperationComplete: Setting operation complete.
TpTrace Information: 0 : 25024, 7, 2023/01/02, 19:48:40.766, 6027579325843, vstest.console.dll, SocketServer.Stop: Stop server endPoint: 127.0.0.1:49212
TpTrace Verbose: 0 : 25024, 1, 2023/01/02, 19:48:40.766, 6027579325836, vstest.console.dll, TestRunRequest.Dispose: Starting.
TpTrace Information: 0 : 25024, 1, 2023/01/02, 19:48:40.766, 6027579326400, vstest.console.dll, TestRunRequest.Dispose: Completed.
TpTrace Information: 0 : 25024, 7, 2023/01/02, 19:48:40.766, 6027579325990, vstest.console.dll, SocketServer.Stop: Cancellation requested. Stopping message loop.
TpTrace Information: 0 : 25024, 1, 2023/01/02, 19:48:40.766, 6027579326688, vstest.console.dll, TestRequestManager.RunTests: run tests completed.
TpTrace Verbose: 0 : 25024, 7, 2023/01/02, 19:48:40.766, 6027579326989, vstest.console.dll, MulticastDelegateUtilities.SafeInvoke: LengthPrefixCommunicationChannel: MessageReceived: Invoking callback 1/1 for Microsoft.VisualStudio.TestPlatform.CommunicationUtilities.TestRequestSender+<>c__DisplayClass30_0.<StartTestRun>b__1, took 87 ms.
TpTrace Information: 0 : 25024, 7, 2023/01/02, 19:48:40.766, 6027579327374, vstest.console.dll, SocketServer.PrivateStop: Stopping server endPoint: 127.0.0.1:49212 error: 
TpTrace Information: 0 : 25024, 1, 2023/01/02, 19:48:40.766, 6027579327447, vstest.console.dll, RunTestsArgumentProcessor:Execute: Test run is completed.
TpTrace Verbose: 0 : 25024, 1, 2023/01/02, 19:48:40.766, 6027579328776, vstest.console.dll, Executor.Execute: Exiting with exit code of 0
TpTrace Verbose: 0 : 25024, 7, 2023/01/02, 19:48:40.767, 6027579330059, vstest.console.dll, LengthPrefixCommunicationChannel.Dispose: Dispose reader and writer.
TpTrace Information: 0 : 25024, 7, 2023/01/02, 19:48:40.767, 6027579330571, vstest.console.dll, SocketServer.Stop: Raise disconnected event endPoint: 127.0.0.1:49212 error: 
TpTrace Verbose: 0 : 25024, 7, 2023/01/02, 19:48:40.767, 6027579330991, vstest.console.dll, TestRequestSender: OnTestRunAbort: Operation is already complete. Skip error message.
TpTrace Verbose: 0 : 25024, 7, 2023/01/02, 19:48:40.767, 6027579331258, vstest.console.dll, MulticastDelegateUtilities.SafeInvoke: SocketServer: ClientDisconnected: Invoking callback 1/1 for Microsoft.VisualStudio.TestPlatform.CommunicationUtilities.TestRequestSender.<InitializeCommunication>b__23_1, took 0 ms.
TpTrace Verbose: 0 : 25024, 7, 2023/01/02, 19:48:40.767, 6027579331445, vstest.console.dll, TcpClientExtensions.MessageLoopAsync: exiting MessageLoopAsync remoteEndPoint: 127.0.0.1:49213 localEndPoint: 127.0.0.1:49212
